  main.cpp
D:\desktop\hw3_release\CG_HW3\main.cpp(86,20): warning C4018: '<': signed/unsigned 不相符
D:\desktop\hw3_release\CG_HW3\main.cpp(111,10): warning C4244: '正在初始化': 將 'double' 轉換為 'float'，由於類型不同，可能導致資料遺失
D:\desktop\hw3_release\CG_HW3\main.cpp(112,14): warning C4244: '引數': 將 'double' 轉換為 'const float'，由於類型不同，可能導致資料遺失
D:\desktop\hw3_release\CG_HW3\main.cpp(112,57): warning C4305: '引數': 從 'double' 轉換為 'float'，是由較大的類型轉換為較小的類型，可能導致資料遺失
D:\desktop\hw3_release\CG_HW3\main.cpp(122,20): warning C4018: '<': signed/unsigned 不相符
D:\desktop\hw3_release\CG_HW3\main.cpp(215,12): warning C4244: '引數': 將 'time_t' 轉換為 'unsigned int'，由於類型不同，可能導致資料遺失
D:\desktop\hw3_release\CG_HW3\main.cpp(223,42): warning C4305: '引數': 從 'double' 轉換為 'float'，是由較大的類型轉換為較小的類型，可能導致資料遺失
D:\desktop\hw3_release\CG_HW3\main.cpp(223,63): warning C4305: '引數': 從 'double' 轉換為 'float'，是由較大的類型轉換為較小的類型，可能導致資料遺失
D:\desktop\hw3_release\CG_HW3\main.cpp(223,84): warning C4305: '引數': 從 'double' 轉換為 'float'，是由較大的類型轉換為較小的類型，可能導致資料遺失
D:\desktop\hw3_release\CG_HW3\main.cpp(224,21): warning C4305: '引數': 從 'double' 轉換為 'float'，是由較大的類型轉換為較小的類型，可能導致資料遺失
D:\desktop\hw3_release\CG_HW3\main.cpp(224,42): warning C4305: '引數': 從 'double' 轉換為 'float'，是由較大的類型轉換為較小的類型，可能導致資料遺失
D:\desktop\hw3_release\CG_HW3\main.cpp(224,63): warning C4305: '引數': 從 'double' 轉換為 'float'，是由較大的類型轉換為較小的類型，可能導致資料遺失
D:\desktop\hw3_release\CG_HW3\main.cpp(225,21): warning C4305: '引數': 從 'double' 轉換為 'float'，是由較大的類型轉換為較小的類型，可能導致資料遺失
D:\desktop\hw3_release\CG_HW3\main.cpp(225,42): warning C4305: '引數': 從 'double' 轉換為 'float'，是由較大的類型轉換為較小的類型，可能導致資料遺失
D:\desktop\hw3_release\CG_HW3\main.cpp(240,54): warning C4305: '引數': 從 'double' 轉換為 'float'，是由較大的類型轉換為較小的類型，可能導致資料遺失
D:\desktop\hw3_release\CG_HW3\main.cpp(240,98): warning C4305: '引數': 從 'double' 轉換為 'float'，是由較大的類型轉換為較小的類型，可能導致資料遺失
D:\desktop\hw3_release\CG_HW3\main.cpp(241,54): warning C4305: '引數': 從 'double' 轉換為 'float'，是由較大的類型轉換為較小的類型，可能導致資料遺失
D:\desktop\hw3_release\CG_HW3\main.cpp(241,98): warning C4305: '引數': 從 'double' 轉換為 'float'，是由較大的類型轉換為較小的類型，可能導致資料遺失
D:\desktop\hw3_release\CG_HW3\main.cpp(242,54): warning C4305: '引數': 從 'double' 轉換為 'float'，是由較大的類型轉換為較小的類型，可能導致資料遺失
D:\desktop\hw3_release\CG_HW3\main.cpp(242,91): warning C4305: '引數': 從 'double' 轉換為 'float'，是由較大的類型轉換為較小的類型，可能導致資料遺失
  CG_HW3.vcxproj -> D:\desktop\hw3_release\Debug\CG_HW3.exe
