18:37:56: Creating resource group General
18:37:56: Creating resource group Internal
18:37:56: Creating resource group Autodetect
18:37:56: SceneManagerFactory for type 'DefaultSceneManager' registered.
18:37:56: Registering ResourceManager for type Material
18:37:56: Registering ResourceManager for type Mesh
18:37:56: Registering ResourceManager for type Skeleton
18:37:56: MovableObjectFactory for type 'ParticleSystem' registered.
18:37:56: OverlayElementFactory for type Panel registered.
18:37:56: OverlayElementFactory for type BorderPanel registered.
18:37:56: OverlayElementFactory for type TextArea registered.
18:37:56: Registering ResourceManager for type Font
18:37:56: ArchiveFactory for archive type FileSystem registered.
18:37:56: ArchiveFactory for archive type Zip registered.
18:37:56: DDS codec registering
18:37:56: FreeImage version: 3.13.1
18:37:56: This program uses FreeImage, a free, open source image library supporting all common bitmap formats. See http://freeimage.sourceforge.net for details
18:37:56: Supported formats: bmp,ico,jpg,jif,jpeg,jpe,jng,koa,iff,lbm,mng,pbm,pbm,pcd,pcx,pgm,pgm,png,ppm,ppm,ras,tga,targa,tif,tiff,wap,wbmp,wbm,psd,cut,xbm,xpm,gif,hdr,g3,sgi,exr,j2k,j2c,jp2,pfm,pct,pict,pic,bay,bmq,cr2,crw,cs1,dc2,dcr,dng,erf,fff,hdr,k25,kdc,mdc,mos,mrw,nef,orf,pef,pxn,raf,raw,rdc,sr2,srf,arw,3fr,cine,ia,kc2,mef,nrw,qtk,rw2,sti,drf,dsc,ptx,cap,iiq,rwz
18:37:56: Registering ResourceManager for type HighLevelGpuProgram
18:37:56: Registering ResourceManager for type Compositor
18:37:56: MovableObjectFactory for type 'Entity' registered.
18:37:56: MovableObjectFactory for type 'Light' registered.
18:37:56: MovableObjectFactory for type 'BillboardSet' registered.
18:37:56: MovableObjectFactory for type 'ManualObject' registered.
18:37:56: MovableObjectFactory for type 'BillboardChain' registered.
18:37:56: MovableObjectFactory for type 'RibbonTrail' registered.
18:37:56: Loading library .\RenderSystem_Direct3D9
18:37:57: Installing plugin: D3D9 RenderSystem
18:37:57: D3D9 : Direct3D9 Rendering Subsystem created.
18:37:57: D3D9: Driver Detection Starts
18:37:57: D3D9: Driver Detection Ends
18:37:57: Plugin successfully installed
18:37:57: Loading library .\RenderSystem_GL
18:37:58: Installing plugin: GL RenderSystem
18:37:58: OpenGL Rendering Subsystem created.
18:37:58: Plugin successfully installed
18:37:58: Loading library .\Plugin_ParticleFX
18:37:59: Installing plugin: ParticleFX
18:37:59: Particle Emitter Type 'Point' registered
18:37:59: Particle Emitter Type 'Box' registered
18:37:59: Particle Emitter Type 'Ellipsoid' registered
18:37:59: Particle Emitter Type 'Cylinder' registered
18:37:59: Particle Emitter Type 'Ring' registered
18:37:59: Particle Emitter Type 'HollowEllipsoid' registered
18:37:59: Particle Affector Type 'LinearForce' registered
18:37:59: Particle Affector Type 'ColourFader' registered
18:37:59: Particle Affector Type 'ColourFader2' registered
18:37:59: Particle Affector Type 'ColourImage' registered
18:37:59: Particle Affector Type 'ColourInterpolator' registered
18:37:59: Particle Affector Type 'Scaler' registered
18:37:59: Particle Affector Type 'Rotator' registered
18:37:59: Particle Affector Type 'DirectionRandomiser' registered
18:37:59: Particle Affector Type 'DeflectorPlane' registered
18:37:59: Plugin successfully installed
18:37:59: Loading library .\Plugin_BSPSceneManager
18:38:00: Installing plugin: BSP Scene Manager
18:38:00: Plugin successfully installed
18:38:00: Loading library .\Plugin_CgProgramManager
18:38:01: Installing plugin: Cg Program Manager
18:38:01: Plugin successfully installed
18:38:01: Loading library .\Plugin_PCZSceneManager
18:38:02: Installing plugin: Portal Connected Zone Scene Manager
18:38:02: PCZone Factory Type 'ZoneType_Default' registered
18:38:02: Plugin successfully installed
18:38:02: Loading library .\Plugin_OctreeZone
18:38:03: Installing plugin: Octree Zone Factory
18:38:03: Plugin successfully installed
18:38:03: Loading library .\Plugin_OctreeSceneManager
18:38:04: Installing plugin: Octree & Terrain Scene Manager
18:38:04: Plugin successfully installed
18:38:04: *-*-* OGRE Initialising
18:38:04: *-*-* Version 1.7.1 (Cthugha)
18:38:04: Creating resource group Essential
18:38:04: Added resource location '../../media/thumbnails' of type 'FileSystem' to resource group 'Essential'
18:38:04: Added resource location '../../media/packs/SdkTrays.zip' of type 'Zip' to resource group 'Essential'
18:38:04: Added resource location '../../media' of type 'FileSystem' to resource group 'General'
18:38:04: Creating resource group Popular
18:38:04: Added resource location '../../media/fonts' of type 'FileSystem' to resource group 'Popular'
18:38:04: Added resource location '../../media/materials/programs' of type 'FileSystem' to resource group 'Popular'
18:38:04: Added resource location '../../media/materials/scripts' of type 'FileSystem' to resource group 'Popular'
18:38:04: Added resource location '../../media/materials/textures' of type 'FileSystem' to resource group 'Popular'
18:38:04: Added resource location '../../media/materials/textures/nvidia' of type 'FileSystem' to resource group 'Popular'
18:38:04: Added resource location '../../media/models' of type 'FileSystem' to resource group 'Popular'
18:38:04: Added resource location '../../media/particle' of type 'FileSystem' to resource group 'Popular'
18:38:04: Added resource location '../../media/DeferredShadingMedia' of type 'FileSystem' to resource group 'Popular'
18:38:04: Added resource location '../../media/PCZAppMedia' of type 'FileSystem' to resource group 'Popular'
18:38:04: Added resource location '../../media/RTShaderLib' of type 'FileSystem' to resource group 'Popular'
18:38:04: Added resource location '../../media/RTShaderLib/materials' of type 'FileSystem' to resource group 'Popular'
18:38:04: Added resource location '../../media/packs/cubemap.zip' of type 'Zip' to resource group 'Popular'
18:38:04: Added resource location '../../media/packs/cubemapsJS.zip' of type 'Zip' to resource group 'Popular'
18:38:04: Added resource location '../../media/packs/dragon.zip' of type 'Zip' to resource group 'Popular'
18:38:04: Added resource location '../../media/packs/fresneldemo.zip' of type 'Zip' to resource group 'Popular'
18:38:04: Added resource location '../../media/packs/ogretestmap.zip' of type 'Zip' to resource group 'Popular'
18:38:05: Added resource location '../../media/packs/ogredance.zip' of type 'Zip' to resource group 'Popular'
18:38:05: Added resource location '../../media/packs/Sinbad.zip' of type 'Zip' to resource group 'Popular'
18:38:05: Added resource location '../../media/packs/skybox.zip' of type 'Zip' to resource group 'Popular'
18:38:05: D3D9 : RenderSystem Option: Allow NVPerfHUD = No
18:38:05: D3D9 : RenderSystem Option: FSAA = 0
18:38:05: D3D9 : RenderSystem Option: Floating-point mode = Fastest
18:38:05: D3D9 : RenderSystem Option: Full Screen = Yes
18:38:05: D3D9 : RenderSystem Option: Rendering Device = Monitor-1-Intel(R) HD Graphics 4000
18:38:05: D3D9 : RenderSystem Option: Resource Creation Policy = Create on all devices
18:38:05: D3D9 : RenderSystem Option: VSync = No
18:38:05: D3D9 : RenderSystem Option: VSync Interval = 1
18:38:05: D3D9 : RenderSystem Option: Video Mode = 800 x 600 @ 32-bit colour
18:38:05: D3D9 : RenderSystem Option: sRGB Gamma Conversion = No
18:38:06: CPU Identifier & Features
18:38:06: -------------------------
18:38:06:  *   CPU ID: GenuineIntel: Intel(R) Core(TM) i7-8750H CPU @ 2.20GHz
18:38:06:  *      SSE: yes
18:38:06:  *     SSE2: yes
18:38:06:  *     SSE3: yes
18:38:06:  *      MMX: yes
18:38:06:  *   MMXEXT: yes
18:38:06:  *    3DNOW: no
18:38:06:  * 3DNOWEXT: no
18:38:06:  *     CMOV: yes
18:38:06:  *      TSC: yes
18:38:06:  *      FPU: yes
18:38:06:  *      PRO: yes
18:38:06:  *       HT: no
18:38:06: -------------------------
18:38:06: *** Starting Win32GL Subsystem ***
18:38:06: GLRenderSystem::_createRenderWindow "Name: Chien-Chou Wong, ID: 309553012", 1024x768 windowed  miscParams: FSAA=0 FSAAHint= colourDepth=32 displayFrequency=0 gamma=false vsync=false vsyncInterval=1 
18:38:06: Created Win32Window 'Name: Chien-Chou Wong, ID: 309553012' : 1040x807, 32bpp
18:38:06: GL_VERSION = 4.5.0 - Build 23.20.16.5018
18:38:06: GL_VENDOR = Intel
18:38:06: GL_RENDERER = Intel(R) UHD Graphics 630
18:38:06: GL_EXTENSIONS = GL_3DFX_texture_compression_FXT1 GL_AMD_depth_clamp_separate GL_AMD_vertex_shader_layer GL_AMD_vertex_shader_viewport_index GL_ARB_ES2_compatibility GL_ARB_ES3_1_compatibility GL_ARB_ES3_compatibility GL_ARB_arrays_of_arrays GL_ARB_base_instance GL_ARB_bindless_texture GL_ARB_blend_func_extended GL_ARB_buffer_storage GL_ARB_cl_event GL_ARB_clear_buffer_object GL_ARB_clear_texture GL_ARB_clip_control GL_ARB_color_buffer_float GL_ARB_compatibility GL_ARB_compressed_texture_pixel_storage GL_ARB_compute_shader GL_ARB_conditional_render_inverted GL_ARB_conservative_depth GL_ARB_copy_buffer GL_ARB_copy_image GL_ARB_cull_distance GL_ARB_debug_output GL_ARB_depth_buffer_float GL_ARB_depth_clamp GL_ARB_depth_texture GL_ARB_derivative_control GL_ARB_direct_state_access GL_ARB_draw_buffers GL_ARB_draw_buffers_blend GL_ARB_draw_elements_base_vertex GL_ARB_draw_indirect GL_ARB_draw_instanced GL_ARB_enhanced_layouts GL_ARB_explicit_attrib_location GL_ARB_explicit_uniform_location GL_ARB_fragment_coord_conventions GL_ARB_fragment_layer_viewport GL_ARB_fragment_program GL_ARB_fragment_program_shadow GL_ARB_fragment_shader GL_ARB_fragment_shader_interlock GL_ARB_framebuffer_no_attachments GL_ARB_framebuffer_object GL_ARB_framebuffer_sRGB GL_ARB_geometry_shader4 GL_ARB_get_program_binary GL_ARB_get_texture_sub_image GL_ARB_gpu_shader5 GL_ARB_gpu_shader_fp64 GL_ARB_half_float_pixel GL_ARB_half_float_vertex GL_ARB_indirect_parameters GL_ARB_instanced_arrays GL_ARB_internalformat_query GL_ARB_internalformat_query2 GL_ARB_invalidate_subdata GL_ARB_map_buffer_alignment GL_ARB_map_buffer_range GL_ARB_multi_bind GL_ARB_multi_draw_indirect GL_ARB_multisample GL_ARB_multitexture GL_ARB_occlusion_query GL_ARB_occlusion_query2 GL_ARB_pixel_buffer_object GL_ARB_point_parameters GL_ARB_point_sprite GL_ARB_polygon_offset_clamp GL_ARB_post_depth_coverage GL_ARB_program_interface_query GL_ARB_provoking_vertex GL_ARB_query_buffer_object GL_ARB_robust_buffer_access_behavior GL_ARB_robustness GL_ARB_robustness_isolation GL_ARB_sample_shading GL_ARB_sampler_objects GL_ARB_seamless_cube_map GL_ARB_seamless_cubemap_per_texture GL_ARB_separate_shader_objects GL_ARB_shader_atomic_counter_ops GL_ARB_shader_atomic_counters GL_ARB_shader_bit_encoding GL_ARB_shader_draw_parameters GL_ARB_shader_group_vote GL_ARB_shader_image_load_store GL_ARB_shader_image_size GL_ARB_shader_objects GL_ARB_shader_precision GL_ARB_shader_stencil_export GL_ARB_shader_storage_buffer_object GL_ARB_shader_subroutine GL_ARB_shader_texture_image_samples GL_ARB_shading_language_100 GL_ARB_shading_language_420pack GL_ARB_shading_language_packing GL_ARB_shadow GL_ARB_stencil_texturing GL_ARB_sync GL_ARB_tessellation_shader GL_ARB_texture_barrier GL_ARB_texture_border_clamp GL_ARB_texture_buffer_object GL_ARB_texture_buffer_object_rgb32 GL_ARB_texture_buffer_range GL_ARB_texture_compression GL_ARB_texture_compression_bptc GL_ARB_texture_compression_rgtc GL_ARB_texture_cube_map GL_ARB_texture_cube_map_array GL_ARB_texture_env_add GL_ARB_texture_env_combine GL_ARB_texture_env_crossbar GL_ARB_texture_env_dot3 GL_ARB_texture_float GL_ARB_texture_gather GL_ARB_texture_mirror_clamp_to_edge GL_ARB_texture_mirrored_repeat GL_ARB_texture_multisample GL_ARB_texture_non_power_of_two GL_ARB_texture_query_levels GL_ARB_texture_query_lod GL_ARB_texture_rectangle GL_ARB_texture_rg GL_ARB_texture_rgb10_a2ui GL_ARB_texture_stencil8 GL_ARB_texture_storage GL_ARB_texture_storage_multisample GL_ARB_texture_swizzle GL_ARB_texture_view GL_ARB_timer_query GL_ARB_transform_feedback2 GL_ARB_transform_feedback3 GL_ARB_transform_feedback_instanced GL_ARB_transpose_matrix GL_ARB_uniform_buffer_object GL_ARB_vertex_array_bgra GL_ARB_vertex_array_object GL_ARB_vertex_attrib_64bit GL_ARB_vertex_attrib_binding GL_ARB_vertex_buffer_object GL_ARB_vertex_program GL_ARB_vertex_shader GL_ARB_vertex_type_10f_11f_11f_rev GL_ARB_vertex_type_2_10_10_10_rev GL_ARB_viewport_array GL_ARB_window_pos GL_ATI_separate_stencil GL_EXT_abgr GL_EXT_bgra GL_EXT_blend_color GL_EXT_blend_equation_separate GL_EXT_blend_func_separate GL_EXT_blend_minmax GL_EXT_blend_subtract GL_EXT_clip_volume_hint GL_EXT_compiled_vertex_array GL_EXT_direct_state_access GL_EXT_draw_buffers2 GL_EXT_draw_range_elements GL_EXT_fog_coord GL_EXT_framebuffer_blit GL_EXT_framebuffer_multisample GL_EXT_framebuffer_object GL_EXT_geometry_shader4 GL_EXT_gpu_program_parameters GL_EXT_gpu_shader4 GL_EXT_multi_draw_arrays GL_EXT_packed_depth_stencil GL_EXT_packed_float GL_EXT_packed_pixels GL_EXT_polygon_offset_clamp GL_EXT_rescale_normal GL_EXT_secondary_color GL_EXT_separate_specular_color GL_EXT_shader_framebuffer_fetch GL_EXT_shader_integer_mix GL_EXT_shadow_funcs GL_EXT_stencil_two_side GL_EXT_stencil_wrap GL_EXT_texture3D GL_EXT_texture_array GL_EXT_texture_compression_s3tc GL_EXT_texture_edge_clamp GL_EXT_texture_env_add GL_EXT_texture_env_combine GL_EXT_texture_filter_anisotropic GL_EXT_texture_integer GL_EXT_texture_lod_bias GL_EXT_texture_rectangle GL_EXT_texture_sRGB GL_EXT_texture_sRGB_decode GL_EXT_texture_shared_exponent GL_EXT_texture_snorm GL_EXT_texture_storage GL_EXT_texture_swizzle GL_EXT_timer_query GL_EXT_transform_feedback GL_IBM_texture_mirrored_repeat GL_INTEL_conservative_rasterization GL_INTEL_fragment_shader_ordering GL_INTEL_framebuffer_CMAA GL_INTEL_map_texture GL_INTEL_multi_rate_fragment_shader GL_INTEL_performance_query GL_KHR_blend_equation_advanced GL_KHR_blend_equation_advanced_coherent GL_KHR_context_flush_control GL_KHR_debug GL_KHR_texture_compression_astc_hdr GL_KHR_texture_compression_astc_ldr GL_NV_blend_square GL_NV_conditional_render GL_NV_primitive_restart GL_NV_texgen_reflection GL_SGIS_generate_mipmap GL_SGIS_texture_edge_clamp GL_SGIS_texture_lod GL_SUN_multi_draw_arrays GL_WIN_swap_hint WGL_EXT_swap_control
18:38:06: Supported WGL extensions: WGL_EXT_depth_float WGL_ARB_buffer_region WGL_ARB_extensions_string WGL_ARB_make_current_read WGL_ARB_pixel_format WGL_ARB_pbuffer WGL_EXT_extensions_string WGL_EXT_swap_control WGL_ARB_multisample WGL_ARB_pixel_format_float WGL_ARB_framebuffer_sRGB WGL_ARB_create_context WGL_ARB_create_context_profile WGL_EXT_pixel_format_packed_float WGL_EXT_create_context_es_profile WGL_EXT_create_context_es2_profile WGL_NV_DX_interop WGL_WGL_INTEL_cl_sharing WGL_NV_DX_interop2 WGL_ARB_create_context_robustness WGL_ARB_context_flush_control 
18:38:06: ***************************
18:38:06: *** GL Renderer Started ***
18:38:06: ***************************
18:38:06: Registering ResourceManager for type GpuProgram
18:38:06: GLSL support detected
18:38:06: GL: Using GL_EXT_framebuffer_object for rendering to textures (best)
18:38:06: FBO PF_UNKNOWN depth/stencil support: D0S1 D0S4 D0S8 D0S16 D16S0 D16S1 D16S4 D16S8 D16S16 D24S0 D24S1 D24S4 D24S8 D24S16 D32S0 D32S1 D32S4 D32S8 D32S16 Packed-D24S8 
18:38:06: FBO PF_A8 depth/stencil support: D0S0 D0S1 D0S4 D0S8 D0S16 D16S0 D16S1 D16S4 D16S8 D16S16 D24S0 D24S1 D24S4 D24S8 D24S16 D32S0 D32S1 D32S4 D32S8 D32S16 Packed-D24S8 
18:38:06: FBO PF_R5G6B5 depth/stencil support: D0S0 D0S1 D0S4 D0S8 D0S16 D16S0 D16S1 D16S4 D16S8 D16S16 D24S0 D24S1 D24S4 D24S8 D24S16 D32S0 D32S1 D32S4 D32S8 D32S16 Packed-D24S8 
18:38:06: FBO PF_B5G6R5 depth/stencil support: D0S0 D0S1 D0S4 D0S8 D0S16 D16S0 D16S1 D16S4 D16S8 D16S16 D24S0 D24S1 D24S4 D24S8 D24S16 D32S0 D32S1 D32S4 D32S8 D32S16 Packed-D24S8 
18:38:06: FBO PF_A4R4G4B4 depth/stencil support: D0S0 D0S1 D0S4 D0S8 D0S16 D16S0 D16S1 D16S4 D16S8 D16S16 D24S0 D24S1 D24S4 D24S8 D24S16 D32S0 D32S1 D32S4 D32S8 D32S16 Packed-D24S8 
18:38:06: FBO PF_A1R5G5B5 depth/stencil support: D0S0 D0S1 D0S4 D0S8 D0S16 D16S0 D16S1 D16S4 D16S8 D16S16 D24S0 D24S1 D24S4 D24S8 D24S16 D32S0 D32S1 D32S4 D32S8 D32S16 Packed-D24S8 
18:38:07: FBO PF_R8G8B8 depth/stencil support: D0S0 D0S1 D0S4 D0S8 D0S16 D16S0 D16S1 D16S4 D16S8 D16S16 D24S0 D24S1 D24S4 D24S8 D24S16 D32S0 D32S1 D32S4 D32S8 D32S16 Packed-D24S8 
18:38:07: FBO PF_B8G8R8 depth/stencil support: D0S0 D0S1 D0S4 D0S8 D0S16 D16S0 D16S1 D16S4 D16S8 D16S16 D24S0 D24S1 D24S4 D24S8 D24S16 D32S0 D32S1 D32S4 D32S8 D32S16 Packed-D24S8 
18:38:07: FBO PF_A8R8G8B8 depth/stencil support: D0S0 D0S1 D0S4 D0S8 D0S16 D16S0 D16S1 D16S4 D16S8 D16S16 D24S0 D24S1 D24S4 D24S8 D24S16 D32S0 D32S1 D32S4 D32S8 D32S16 Packed-D24S8 
18:38:07: FBO PF_B8G8R8A8 depth/stencil support: D0S0 D0S1 D0S4 D0S8 D0S16 D16S0 D16S1 D16S4 D16S8 D16S16 D24S0 D24S1 D24S4 D24S8 D24S16 D32S0 D32S1 D32S4 D32S8 D32S16 Packed-D24S8 
18:38:07: FBO PF_A2R10G10B10 depth/stencil support: D0S0 D0S1 D0S4 D0S8 D0S16 D16S0 D16S1 D16S4 D16S8 D16S16 D24S0 D24S1 D24S4 D24S8 D24S16 D32S0 D32S1 D32S4 D32S8 D32S16 Packed-D24S8 
18:38:07: FBO PF_A2B10G10R10 depth/stencil support: D0S0 D0S1 D0S4 D0S8 D0S16 D16S0 D16S1 D16S4 D16S8 D16S16 D24S0 D24S1 D24S4 D24S8 D24S16 D32S0 D32S1 D32S4 D32S8 D32S16 Packed-D24S8 
18:38:07: FBO PF_FLOAT16_RGB depth/stencil support: D0S0 D0S1 D0S4 D0S8 D0S16 D16S0 D16S1 D16S4 D16S8 D16S16 D24S0 D24S1 D24S4 D24S8 D24S16 D32S0 D32S1 D32S4 D32S8 D32S16 Packed-D24S8 
18:38:07: FBO PF_FLOAT16_RGBA depth/stencil support: D0S0 D0S1 D0S4 D0S8 D0S16 D16S0 D16S1 D16S4 D16S8 D16S16 D24S0 D24S1 D24S4 D24S8 D24S16 D32S0 D32S1 D32S4 D32S8 D32S16 Packed-D24S8 
18:38:07: FBO PF_FLOAT32_RGB depth/stencil support: D0S0 D0S1 D0S4 D0S8 D0S16 D16S0 D16S1 D16S4 D16S8 D16S16 D24S0 D24S1 D24S4 D24S8 D24S16 D32S0 D32S1 D32S4 D32S8 D32S16 Packed-D24S8 
18:38:07: FBO PF_FLOAT32_RGBA depth/stencil support: D0S0 D0S1 D0S4 D0S8 D0S16 D16S0 D16S1 D16S4 D16S8 D16S16 D24S0 D24S1 D24S4 D24S8 D24S16 D32S0 D32S1 D32S4 D32S8 D32S16 Packed-D24S8 
18:38:07: FBO PF_X8R8G8B8 depth/stencil support: D0S0 D0S1 D0S4 D0S8 D0S16 D16S0 D16S1 D16S4 D16S8 D16S16 D24S0 D24S1 D24S4 D24S8 D24S16 D32S0 D32S1 D32S4 D32S8 D32S16 Packed-D24S8 
18:38:07: FBO PF_X8B8G8R8 depth/stencil support: D0S0 D0S1 D0S4 D0S8 D0S16 D16S0 D16S1 D16S4 D16S8 D16S16 D24S0 D24S1 D24S4 D24S8 D24S16 D32S0 D32S1 D32S4 D32S8 D32S16 Packed-D24S8 
18:38:07: FBO PF_SHORT_RGBA depth/stencil support: D0S0 D0S1 D0S4 D0S8 D0S16 D16S0 D16S1 D16S4 D16S8 D16S16 D24S0 D24S1 D24S4 D24S8 D24S16 D32S0 D32S1 D32S4 D32S8 D32S16 Packed-D24S8 
18:38:07: FBO PF_R3G3B2 depth/stencil support: D0S0 D0S1 D0S4 D0S8 D0S16 D16S0 D16S1 D16S4 D16S8 D16S16 D24S0 D24S1 D24S4 D24S8 D24S16 D32S0 D32S1 D32S4 D32S8 D32S16 Packed-D24S8 
18:38:07: FBO PF_SHORT_RGB depth/stencil support: D0S0 D0S1 D0S4 D0S8 D0S16 D16S0 D16S1 D16S4 D16S8 D16S16 D24S0 D24S1 D24S4 D24S8 D24S16 D32S0 D32S1 D32S4 D32S8 D32S16 Packed-D24S8 
18:38:07: [GL] : Valid FBO targets PF_UNKNOWN PF_A8 PF_R5G6B5 PF_B5G6R5 PF_A4R4G4B4 PF_A1R5G5B5 PF_R8G8B8 PF_B8G8R8 PF_A8R8G8B8 PF_B8G8R8A8 PF_A2R10G10B10 PF_A2B10G10R10 PF_FLOAT16_RGB PF_FLOAT16_RGBA PF_FLOAT32_RGB PF_FLOAT32_RGBA PF_X8R8G8B8 PF_X8B8G8R8 PF_SHORT_RGBA PF_R3G3B2 PF_SHORT_RGB 
18:38:07: RenderSystem capabilities
18:38:07: -------------------------
18:38:07: RenderSystem Name: OpenGL Rendering Subsystem
18:38:07: GPU Vendor: intel
18:38:07: Device Name: Intel(R) UHD Graphics 630
18:38:07: Driver Version: 4.5.0.0
18:38:07:  * Fixed function pipeline: yes
18:38:07:  * Hardware generation of mipmaps: no
18:38:07:  * Texture blending: yes
18:38:07:  * Anisotropic texture filtering: yes
18:38:07:  * Dot product texture operation: yes
18:38:07:  * Cube mapping: yes
18:38:07:  * Hardware stencil buffer: yes
18:38:07:    - Stencil depth: 8
18:38:07:    - Two sided stencil support: yes
18:38:07:    - Wrap stencil values: yes
18:38:07:  * Hardware vertex / index buffers: yes
18:38:07:  * Vertex programs: yes
18:38:07:  * Number of floating-point constants for vertex programs: 256
18:38:07:  * Number of integer constants for vertex programs: 0
18:38:07:  * Number of boolean constants for vertex programs: 0
18:38:07:  * Fragment programs: yes
18:38:07:  * Number of floating-point constants for fragment programs: 256
18:38:07:  * Number of integer constants for fragment programs: 0
18:38:07:  * Number of boolean constants for fragment programs: 0
18:38:07:  * Geometry programs: yes
18:38:07:  * Number of floating-point constants for geometry programs: 256
18:38:07:  * Number of integer constants for geometry programs: 0
18:38:07:  * Number of boolean constants for geometry programs: 0
18:38:07:  * Supported Shader Profiles: arbfp1 arbvp1 glsl gp4gp gpu_gp nvgp4
18:38:07:  * Texture Compression: yes
18:38:07:    - DXT: yes
18:38:07:    - VTC: no
18:38:07:    - PVRTC: no
18:38:07:  * Scissor Rectangle: yes
18:38:07:  * Hardware Occlusion Query: yes
18:38:07:  * User clip planes: yes
18:38:07:  * VET_UBYTE4 vertex element type: yes
18:38:07:  * Infinite far plane projection: yes
18:38:07:  * Hardware render-to-texture: yes
18:38:07:  * Floating point textures: yes
18:38:07:  * Non-power-of-two textures: yes
18:38:07:  * Volume textures: yes
18:38:07:  * Multiple Render Targets: 8
18:38:07:    - With different bit depths: yes
18:38:07:  * Point Sprites: yes
18:38:07:  * Extended point parameters: yes
18:38:07:  * Max Point Size: 255
18:38:07:  * Vertex texture fetch: yes
18:38:07:  * Number of world matrices: 0
18:38:07:  * Number of texture units: 32
18:38:07:  * Stencil buffer depth: 8
18:38:07:  * Number of vertex blend matrices: 0
18:38:07:    - Max vertex textures: 32
18:38:07:    - Vertex textures shared: yes
18:38:07:  * Render to Vertex Buffer : no
18:38:07:  * GL 1.5 without VBO workaround: no
18:38:07:  * Frame Buffer objects: yes
18:38:07:  * Frame Buffer objects (ARB extension): no
18:38:07:  * Frame Buffer objects (ATI extension): no
18:38:07:  * PBuffer support: no
18:38:07:  * GL 1.5 without HW-occlusion workaround: no
18:38:07: Registering ResourceManager for type Texture
18:38:07: DefaultWorkQueue('Root') initialising on thread 006163D0.
18:38:07: DefaultWorkQueue('Root')::WorkerFunc - thread 07FBE138 starting.
18:38:07: DefaultWorkQueue('Root')::WorkerFunc - thread 07FBE3A8 starting.
18:38:07: DefaultWorkQueue('Root')::WorkerFunc - thread 07FBE048 starting.
18:38:07: DefaultWorkQueue('Root')::WorkerFunc - thread 07FBE588 starting.
18:38:07: Particle Renderer Type 'billboard' registered
18:38:07: DefaultWorkQueue('Root')::WorkerFunc - thread 07FBE1C8 starting.
18:38:07: DefaultWorkQueue('Root')::WorkerFunc - thread 07FBE468 starting.
18:38:07: DefaultWorkQueue('Root')::WorkerFunc - thread 07FBDEF8 starting.
18:38:07: DefaultWorkQueue('Root')::WorkerFunc - thread 07FBE018 starting.
18:38:07: DefaultWorkQueue('Root')::WorkerFunc - thread 07FBE618 starting.
18:38:07: DefaultWorkQueue('Root')::WorkerFunc - thread 07FBE288 starting.
18:38:07: DefaultWorkQueue('Root')::WorkerFunc - thread 10351058 starting.
18:38:07: DefaultWorkQueue('Root')::WorkerFunc - thread 10350B78 starting.
18:38:07: SceneManagerFactory for type 'BspSceneManager' registered.
18:38:07: Registering ResourceManager for type BspLevel
18:38:07: SceneManagerFactory for type 'PCZSceneManager' registered.
18:38:07: MovableObjectFactory for type 'PCZLight' registered.
18:38:07: MovableObjectFactory for type 'Portal' registered.
18:38:07: MovableObjectFactory for type 'AntiPortal' registered.
18:38:07: PCZone Factory Type 'ZoneType_Octree' registered
18:38:07: PCZone Factory Type 'ZoneType_Terrain' registered
18:38:07: SceneManagerFactory for type 'OctreeSceneManager' registered.
18:38:07: SceneManagerFactory for type 'TerrainSceneManager' registered.
18:38:07: TerrainSceneManager: Registered a new PageSource for type Heightmap
18:38:07: Parsing scripts for resource group Autodetect
18:38:07: Finished parsing scripts for resource group Autodetect
18:38:07: Parsing scripts for resource group Essential
18:38:07: Parsing script SdkTrays.material
18:38:07: Parsing script SdkTrays.fontdef
18:38:07: Parsing script SdkTrays.overlay
18:38:07: Bad element attribute line: '# you can offset the image to change the cursor "hotspot"' for element SdkTrays/Cursor in overlay 
18:38:07: Texture: sdk_cursor.png: Loading 1 faces(PF_A8R8G8B8,32x32x1) with 5 generated mipmaps from Image. Internal format is PF_A8R8G8B8,32x32x1.
18:38:07: Texture: sdk_tray.png: Loading 1 faces(PF_A8R8G8B8,64x64x1) with 5 generated mipmaps from Image. Internal format is PF_A8R8G8B8,64x64x1.
18:38:07: Texture: sdk_button_up.png: Loading 1 faces(PF_A8R8G8B8,128x32x1) with 5 generated mipmaps from Image. Internal format is PF_A8R8G8B8,128x32x1.
18:38:07: Texture: sdk_text_box.png: Loading 1 faces(PF_A8R8G8B8,32x32x1) with 5 generated mipmaps from Image. Internal format is PF_A8R8G8B8,32x32x1.
18:38:07: Texture: sdk_mini_tray.png: Loading 1 faces(PF_A8R8G8B8,32x32x1) with 5 generated mipmaps from Image. Internal format is PF_A8R8G8B8,32x32x1.
18:38:07: Texture: sdk_track.png: Loading 1 faces(PF_A8R8G8B8,16x32x1) with 5 generated mipmaps from Image. Internal format is PF_A8R8G8B8,16x32x1.
18:38:07: Texture: sdk_handle.png: Loading 1 faces(PF_A8R8G8B8,16x16x1) with 4 generated mipmaps from Image. Internal format is PF_A8R8G8B8,16x16x1.
18:38:07: Texture: sdk_mini_text_box.png: Loading 1 faces(PF_A8R8G8B8,32x32x1) with 5 generated mipmaps from Image. Internal format is PF_A8R8G8B8,32x32x1.
18:38:07: Texture: sdk_label.png: Loading 1 faces(PF_A8R8G8B8,32x32x1) with 5 generated mipmaps from Image. Internal format is PF_A8R8G8B8,32x32x1.
18:38:07: Texture: sdk_separator.png: Loading 1 faces(PF_A8R8G8B8,64x16x1) with 5 generated mipmaps from Image. Internal format is PF_A8R8G8B8,64x16x1.
18:38:07: Texture: sdk_logo.png: Loading 1 faces(PF_A8R8G8B8,128x64x1) with 5 generated mipmaps from Image. Internal format is PF_A8R8G8B8,128x64x1.
18:38:07: Texture: sdk_shade.png: Loading 1 faces(PF_A8R8G8B8,64x48x1) with 5 generated mipmaps from Image. Internal format is PF_A8R8G8B8,64x48x1.
18:38:07: Texture: sdk_frame.png: Loading 1 faces(PF_A8R8G8B8,32x32x1) with 5 generated mipmaps from Image. Internal format is PF_A8R8G8B8,32x32x1.
18:38:07: Texture: sdk_mini_text_box_over.png: Loading 1 faces(PF_A8R8G8B8,32x32x1) with 5 generated mipmaps from Image. Internal format is PF_A8R8G8B8,32x32x1.
18:38:07: Texture: sdk_pulse.png: Loading 1 faces(PF_R8G8B8,8x1x1) with 3 generated mipmaps from Image. Internal format is PF_X8R8G8B8,8x1x1.
18:38:07: Finished parsing scripts for resource group Essential
18:38:07: Parsing scripts for resource group General
18:38:07: Finished parsing scripts for resource group General
18:38:07: Parsing scripts for resource group Internal
18:38:07: Finished parsing scripts for resource group Internal
18:38:07: Parsing scripts for resource group Popular
18:38:07: Parsing script Examples.program
18:38:07: GLSL compiled : Ogre/BasicVertexPrograms/AmbientOneTextureGLSLWARNING: 0:1: '' :  #version directive missing


18:38:07: GLSL compiled : Ogre/HardwareSkinningTwoWeightsGLSLWARNING: 0:3: '' :  #version directive missing


18:38:07: OGRE EXCEPTION(2:InvalidParametersException): Parameter called ambient does not exist.  in GpuProgramParameters::_findNamedConstantDefinition at ..\..\..\..\OgreMain\src\OgreGpuProgramParams.cpp (line 1433)
18:38:07: Compiler error: invalid parameters in Examples.program(130): setting of constant failed
18:38:07: Parsing script StdQuad_vp.program
18:38:07: Parsing script deferred_post.program
18:38:07: Parsing script ShadowCaster.program
18:38:07: Parsing script ASCII.material
18:38:07: Parsing script ASMSwizzle.material
18:38:07: Parsing script BlackAndWhite.material
18:38:08: Parsing script Bloom.material
18:38:08: GLSL compiled : Blur_ps_glslWARNING: 0:1: '' :  #version directive missing


18:38:08: GLSL compiled : Blur0_vs_glslWARNING: 0:1: '' :  #version directive missing


18:38:08: GLSL compiled : Blur1_vs_glslWARNING: 0:1: '' :  #version directive missing


18:38:08: Parsing script Bloom2.material
18:38:08: GLSL compiled : Bloom2_ps20_glslWARNING: 0:9: '' :  #version directive missing


18:38:08: Parsing script CGSwizzle.material
18:38:08: Parsing script CompositorDemo.material
18:38:08: Parsing script DepthShadowmap.material
18:38:08: GLSL compiled : Ogre/DepthShadowmap/CasterVP_GLSLWARNING: 0:1: '' :  #version directive missing


18:38:08: GLSL compiled : Ogre/DepthShadowmap/CasterFP_GLSLWARNING: 0:2: '' :  #version directive missing


18:38:08: GLSL compiled : Ogre/DepthShadowmap/ReceiverVP_GLSLWARNING: 0:1: '' :  #version directive missing


18:38:08: GLSL compiled : Ogre/DepthShadowmap/ReceiverFP_GLSLWARNING: 0:1: '' :  #version directive missing


18:38:08: GLSL compiled : Ogre/DepthShadowmap/ReceiverFPPCF_GLSLWARNING: 0:1: '' :  #version directive missing


18:38:08: GLSL compiled : Ogre/DepthShadowmap/NormalMapReceiverVP_GLSLWARNING: 0:1: '' :  #version directive missing


18:38:08: GLSL compiled : Ogre/DepthShadowmap/NormalMapReceiverFP_GLSLWARNING: 0:1: '' :  #version directive missing


18:38:08: GLSL compiled : Ogre/DepthShadowmap/NormalMapReceiverFPPCF_GLSLWARNING: 0:1: '' :  #version directive missing


18:38:08: Parsing script Dither.material
18:38:08: Parsing script DOF.material
18:38:08: Parsing script Embossed.material
18:38:08: Parsing script Example-Water.material
18:38:08: Parsing script Examples-Advanced.material
18:38:08: Compiler error: object unsupported by render system in Examples-Advanced.material(383)
18:38:08: Parsing script Examples-DynTex.material
18:38:08: Parsing script Examples-Water.material
18:38:08: Parsing script Examples.material
18:38:08: OGRE EXCEPTION(2:InvalidParametersException): Parameter called camObjPos does not exist.  in GpuProgramParameters::_findNamedConstantDefinition at ..\..\..\..\OgreMain\src\OgreGpuProgramParams.cpp (line 1433)
18:38:08: Compiler error: invalid parameters in Examples.material(856): setting of constant failed
18:38:08: GLSL compiled : Ogre/HardwareSkinningTwoWeightsShadowCasterGLSLWARNING: 0:3: '' :  #version directive missing


18:38:08: Parsing script facial.material
18:38:08: Parsing script Glass.material
18:38:08: Parsing script GLSLSwizzle.material
18:38:08: GLSL compiled : Ogre/GPTest/Passthrough_VP_GLSLWARNING: 0:1: '' :  #version directive missing


18:38:08: Parsing script Halftone.material
18:38:08: Parsing script hdr.material
18:38:08: GLSL compiled : Ogre/Compositor/HDR/downscale2x2LuminenceGLSL_fpWARNING: 0:1: '' :  #version directive missing


18:38:08: GLSL compiled : Ogre/Compositor/StdQuad_GLSL_vpWARNING: 0:1: '' :  #version directive missing


18:38:08: GLSL compiled : Ogre/Compositor/HDR/downscale3x3GLSL_fpWARNING: 0:1: '' :  #version directive missing


18:38:08: GLSL compiled : Ogre/Compositor/HDR/utils_fpWARNING: 0:1: '' :  #version directive missing


18:38:08: GLSL compiled : Ogre/Compositor/HDR/downscale3x3brightpassGLSL_fpWARNING: 0:1: '' :  #version directive missing


18:38:09: GLSL compiled : Ogre/Compositor/HDR/bloomGLSL_fpWARNING: 0:1: '' :  #version directive missing


18:38:09: GLSL compiled : Ogre/Compositor/HDR/utils_fpWARNING: 0:1: '' :  #version directive missing


18:38:09: GLSL compiled : Ogre/Compositor/HDR/finaltonemappingGLSL_fpWARNING: 0:1: '' :  #version directive missing


18:38:09: Parsing script HeatVision.material
18:38:09: Parsing script Hurt.material
18:38:09: Parsing script instancing.material
18:38:09: GLSL compiled : InstancingGLSLWARNING: 0:1: '' :  #version directive missing


18:38:09: GLSL compiled : InstancingShadowCasterGLSLWARNING: 0:1: '' :  #version directive missing


18:38:09: GLSL compiled : CrowdGLSLWARNING: 0:1: '' :  #version directive missing


18:38:09: GLSL compiled : CrowdShadowCasterGLSLWARNING: 0:1: '' :  #version directive missing


18:38:09: Parsing script Invert.material
18:38:09: Parsing script IsoSurf.material
18:38:09: Problem parsing the following Cg Uniform: '@TMP0' in file Ogre/IsoSurf/TessellateTetrahedraGS
18:38:09: Parsing script Laplace.material
18:38:09: Parsing script MotionBlur.material
18:38:09: Parsing script MRTtest.material
18:38:09: GLSL compiled : Ogre/MRTtest/scenefp/GLSLWARNING: 0:3: '' :  #version directive missing


18:38:09: GLSL compiled : Ogre/MRTtest/quadfp/GLSLWARNING: 0:1: '' :  #version directive missing


18:38:09: Parsing script NightVision.material
18:38:09: Parsing script Ocean.material
18:38:09: GLSL compiled : GLSL/OceanVSWARNING: 0:10: '' :  #version directive missing


18:38:09: GLSL compiled : GLSL/OceanFSWARNING: 0:10: '' :  #version directive missing


18:38:09: GLSL compiled : GLSL/Ocean2VSWARNING: 0:22: '' :  #version directive missing


18:38:09: GLSL compiled : GLSL/Ocean2FSWARNING: 0:23: '' :  #version directive missing


18:38:09: Parsing script OffsetMapping.material
18:38:09: Compiler error: object unsupported by render system in OffsetMapping.material(18)
18:38:09: GLSL compiled : Examples/OffsetMappingIntegratedShadowsFPglslWARNING: 0:1: '' :  #version directive missing


18:38:09: GLSL compiled : Examples/OffsetMappingIntegratedShadowsVPglslWARNING: 0:1: '' :  #version directive missing


18:38:09: Parsing script Ogre.material
18:38:09: Parsing script OldMovie.material
18:38:09: Parsing script OldTV.material
18:38:09: Parsing script ParticleGS.material
18:38:09: Parsing script Penguin.material
18:38:09: Parsing script Posterize.material
18:38:09: Parsing script pssm.material
18:38:09: Parsing script RadialBlur.material
18:38:09: Parsing script RZR-002.material
18:38:09: Parsing script ShaderSystem.material
18:38:09: Parsing script shadows.material
18:38:09: Parsing script SharpenEdges.material
18:38:09: Parsing script sibenik.material
18:38:09: Parsing script smoke.material
18:38:10: Parsing script Tiling.material
18:38:10: Parsing script VarianceShadowmap.material
18:38:10: Parsing script wago_game.material
18:38:10: Compiler error: number expected in wago_game.material(64): specular expects at least 4 arguments
18:38:10: Compiler error: number expected in wago_game.material(83): specular expects at least 4 arguments
18:38:10: Compiler error: number expected in wago_game.material(102): specular expects at least 4 arguments
18:38:10: Compiler error: number expected in wago_game.material(118): specular expects at least 4 arguments
18:38:10: Compiler error: number expected in wago_game.material(137): specular expects at least 4 arguments
18:38:10: Compiler error: number expected in wago_game.material(156): specular expects at least 4 arguments
18:38:10: Compiler error: number expected in wago_game.material(175): specular expects at least 4 arguments
18:38:10: Compiler error: number expected in wago_game.material(194): specular expects at least 4 arguments
18:38:10: Compiler error: number expected in wago_game.material(215): specular expects at least 4 arguments
18:38:10: Compiler error: number expected in wago_game.material(233): specular expects at least 4 arguments
18:38:10: Compiler error: number expected in wago_game.material(253): specular expects at least 4 arguments
18:38:10: Compiler error: number expected in wago_game.material(270): specular expects at least 4 arguments
18:38:10: Compiler error: number expected in wago_game.material(287): specular expects at least 4 arguments
18:38:10: Compiler error: number expected in wago_game.material(304): specular expects at least 4 arguments
18:38:10: Compiler error: number expected in wago_game.material(321): specular expects at least 4 arguments
18:38:10: Parsing script deferreddemo.material
18:38:10: Parsing script deferred_post.material
18:38:10: Parsing script deferred_post_minilight.material
18:38:10: Parsing script ShadowCaster.material
18:38:10: Parsing script ssao.material
18:38:10: Parsing script ROOM.material
18:38:10: Parsing script RTShaderSystem.material
18:38:10: Compiler error: unknown error in RTShaderSystem.material(23): token "rtshader_system" is not recognized
18:38:10: Compiler error: unknown error in RTShaderSystem.material(52): token "rtshader_system" is not recognized
18:38:10: Compiler error: unknown error in RTShaderSystem.material(81): token "rtshader_system" is not recognized
18:38:10: Compiler error: unknown error in RTShaderSystem.material(110): token "rtshader_system" is not recognized
18:38:10: Compiler error: unknown error in RTShaderSystem.material(146): token "rtshader_system" is not recognized
18:38:10: Compiler error: unknown error in RTShaderSystem.material(81): token "rtshader_system" is not recognized
18:38:10: Compiler error: unknown error in RTShaderSystem.material(162): token "rtshader_system" is not recognized
18:38:10: Compiler error: unknown error in RTShaderSystem.material(81): token "rtshader_system" is not recognized
18:38:10: Compiler error: unknown error in RTShaderSystem.material(110): token "rtshader_system" is not recognized
18:38:10: Parsing script RomanBath.material
18:38:10: Parsing script Sinbad.material
18:38:10: Parsing script emitted_emitter.particle
18:38:10: Parsing script Examples-Water.particle
18:38:10: Parsing script Examples.particle
18:38:10: Parsing script smoke.particle
18:38:10: Parsing script Examples.compositor
18:38:10: Parsing script deferred.compositor
18:38:10: Parsing script ssao.compositor
18:38:10: Parsing script sample.fontdef
18:38:10: Finished parsing scripts for resource group Popular
18:38:10: *** createScene_00 ***
18:38:10: *** DATA_READER::readData() ***
18:38:10: TerrainSceneManager: Activated PageSource Heightmap
18:38:10: Texture: terr_rock-dirt.jpg: Loading 1 faces(PF_R8G8B8,256x256x1) with 5 generated mipmaps from Image. Internal format is PF_X8R8G8B8,256x256x1.
18:38:10: Texture: terrain_detail.jpg: Loading 1 faces(PF_R8G8B8,256x256x1) with 5 generated mipmaps from Image. Internal format is PF_X8R8G8B8,256x256x1.
18:38:10: Texture: stevecube_fr.jpg: Loading 1 faces(PF_R8G8B8,512x512x1) with 5 generated mipmaps from Image. Internal format is PF_X8R8G8B8,512x512x1.
18:38:10: Texture: stevecube_bk.jpg: Loading 1 faces(PF_R8G8B8,512x512x1) with 5 generated mipmaps from Image. Internal format is PF_X8R8G8B8,512x512x1.
18:38:10: Texture: stevecube_lf.jpg: Loading 1 faces(PF_R8G8B8,512x512x1) with 5 generated mipmaps from Image. Internal format is PF_X8R8G8B8,512x512x1.
18:38:10: Texture: stevecube_rt.jpg: Loading 1 faces(PF_R8G8B8,512x512x1) with 5 generated mipmaps from Image. Internal format is PF_X8R8G8B8,512x512x1.
18:38:10: Texture: stevecube_up.jpg: Loading 1 faces(PF_R8G8B8,512x512x1) with 5 generated mipmaps from Image. Internal format is PF_X8R8G8B8,512x512x1.
18:38:11: Texture: stevecube_dn.jpg: Loading 1 faces(PF_R8G8B8,512x512x1) with 5 generated mipmaps from Image. Internal format is PF_X8R8G8B8,512x512x1.
18:38:11: *** DATA_READER::createLights() ***
18:38:11: Mesh: Loading sphere.mesh.
18:38:11: Texture: RustySteel.jpg: Loading 1 faces(PF_R8G8B8,256x256x1) with 5 generated mipmaps from Image. Internal format is PF_X8R8G8B8,256x256x1.
18:38:11: Texture: spheremap.png: Loading 1 faces(PF_R8G8B8,256x256x1) with 5 generated mipmaps from Image. Internal format is PF_X8R8G8B8,256x256x1.
18:38:11: Texture: Water01.jpg: Loading 1 faces(PF_R8G8B8,512x512x1) with 5 generated mipmaps from Image. Internal format is PF_X8R8G8B8,512x512x1.
18:38:11: Texture: rockwall.tga: Loading 1 faces(PF_R8G8B8,256x256x1) with 5 generated mipmaps from Image. Internal format is PF_X8R8G8B8,256x256x1.
18:38:11: Mesh: Loading robot.mesh.
18:38:11: Skeleton: Loading robot.skeleton
18:38:11: Texture: r2skin.jpg: Loading 1 faces(PF_R8G8B8,512x512x1) with 5 generated mipmaps from Image. Internal format is PF_X8R8G8B8,512x512x1.
18:38:11: *** DATA_READER::createStatusBars() ***
18:38:11: *** Initializing OIS ***
18:38:12: Texture: spot_shadow_fade.png: Loading 1 faces(PF_R8G8B8,128x128x1) with 5 generated mipmaps from Image. Internal format is PF_X8R8G8B8,128x128x1.
18:38:12: Texture: digits.jpg: Loading 1 faces(PF_R8G8B8,640x128x1) with 5 generated mipmaps from Image. Internal format is PF_X8R8G8B8,640x128x1.
18:38:12: Texture: stamina_bar.jpg: Loading 1 faces(PF_R8G8B8,64x16x1) with 5 generated mipmaps from Image. Internal format is PF_X8R8G8B8,64x16x1.
18:38:12: Texture: lifebar.jpg: Loading 1 faces(PF_R8G8B8,64x16x1) with 5 generated mipmaps from Image. Internal format is PF_X8R8G8B8,64x16x1.
18:38:12: Font SdkTrays/Captionusing texture size 512x256
18:38:12: Info: Freetype returned null for character 160 in font SdkTrays/Caption
18:38:12: Texture: SdkTrays/CaptionTexture: Loading 1 faces(PF_BYTE_LA,512x256x1) with 0 generated mipmaps from Image. Internal format is PF_BYTE_LA,512x256x1.
18:38:12: Font SdkTrays/Valueusing texture size 512x512
18:38:12: Info: Freetype returned null for character 127 in font SdkTrays/Value
18:38:12: Info: Freetype returned null for character 128 in font SdkTrays/Value
18:38:12: Info: Freetype returned null for character 129 in font SdkTrays/Value
18:38:12: Info: Freetype returned null for character 130 in font SdkTrays/Value
18:38:12: Info: Freetype returned null for character 131 in font SdkTrays/Value
18:38:12: Info: Freetype returned null for character 132 in font SdkTrays/Value
18:38:12: Info: Freetype returned null for character 133 in font SdkTrays/Value
18:38:12: Info: Freetype returned null for character 134 in font SdkTrays/Value
18:38:12: Info: Freetype returned null for character 135 in font SdkTrays/Value
18:38:12: Info: Freetype returned null for character 136 in font SdkTrays/Value
18:38:12: Info: Freetype returned null for character 137 in font SdkTrays/Value
18:38:12: Info: Freetype returned null for character 138 in font SdkTrays/Value
18:38:12: Info: Freetype returned null for character 139 in font SdkTrays/Value
18:38:12: Info: Freetype returned null for character 140 in font SdkTrays/Value
18:38:12: Info: Freetype returned null for character 141 in font SdkTrays/Value
18:38:12: Info: Freetype returned null for character 142 in font SdkTrays/Value
18:38:12: Info: Freetype returned null for character 143 in font SdkTrays/Value
18:38:12: Info: Freetype returned null for character 144 in font SdkTrays/Value
18:38:12: Info: Freetype returned null for character 145 in font SdkTrays/Value
18:38:12: Info: Freetype returned null for character 146 in font SdkTrays/Value
18:38:12: Info: Freetype returned null for character 147 in font SdkTrays/Value
18:38:12: Info: Freetype returned null for character 148 in font SdkTrays/Value
18:38:12: Info: Freetype returned null for character 149 in font SdkTrays/Value
18:38:12: Info: Freetype returned null for character 150 in font SdkTrays/Value
18:38:12: Info: Freetype returned null for character 151 in font SdkTrays/Value
18:38:12: Info: Freetype returned null for character 152 in font SdkTrays/Value
18:38:12: Info: Freetype returned null for character 153 in font SdkTrays/Value
18:38:12: Info: Freetype returned null for character 154 in font SdkTrays/Value
18:38:12: Info: Freetype returned null for character 155 in font SdkTrays/Value
18:38:12: Info: Freetype returned null for character 156 in font SdkTrays/Value
18:38:12: Info: Freetype returned null for character 157 in font SdkTrays/Value
18:38:12: Info: Freetype returned null for character 158 in font SdkTrays/Value
18:38:12: Info: Freetype returned null for character 159 in font SdkTrays/Value
18:38:12: Info: Freetype returned null for character 160 in font SdkTrays/Value
18:38:12: Texture: SdkTrays/ValueTexture: Loading 1 faces(PF_BYTE_LA,512x512x1) with 0 generated mipmaps from Image. Internal format is PF_BYTE_LA,512x512x1.
18:38:12: Texture: smoke.png: Loading 1 faces(PF_A8R8G8B8,256x256x1) with 5 generated mipmaps from Image. Internal format is PF_A8R8G8B8,256x256x1.
18:38:12: Texture: flare.png: Loading 1 faces(PF_R8G8B8,256x256x1) with 5 generated mipmaps from Image. Internal format is PF_X8R8G8B8,256x256x1.
18:38:14: DefaultWorkQueue('Root') shutting down on thread 006163D0.
18:38:14: DefaultWorkQueue('Root')::WorkerFunc - thread 10351058 stopped.
18:38:14: DefaultWorkQueue('Root')::WorkerFunc - thread 10350B78 stopped.
18:38:14: DefaultWorkQueue('Root')::WorkerFunc - thread 07FBE018 stopped.
18:38:14: DefaultWorkQueue('Root')::WorkerFunc - thread 07FBE468 stopped.
18:38:14: DefaultWorkQueue('Root')::WorkerFunc - thread 07FBDEF8 stopped.
18:38:14: DefaultWorkQueue('Root')::WorkerFunc - thread 07FBE3A8 stopped.
18:38:14: DefaultWorkQueue('Root')::WorkerFunc - thread 07FBE618 stopped.
18:38:14: DefaultWorkQueue('Root')::WorkerFunc - thread 07FBE138 stopped.
18:38:14: DefaultWorkQueue('Root')::WorkerFunc - thread 07FBE288 stopped.
18:38:15: DefaultWorkQueue('Root')::WorkerFunc - thread 07FBE1C8 stopped.
18:38:15: DefaultWorkQueue('Root')::WorkerFunc - thread 07FBE048 stopped.
18:38:15: DefaultWorkQueue('Root')::WorkerFunc - thread 07FBE588 stopped.
18:38:15: PCZone Factory Type 'ZoneType_Octree' unregistered
18:38:15: PCZone Factory Type 'ZoneType_Terrain' unregistered
18:38:15: Unregistering ResourceManager for type BspLevel
18:38:15: *-*-* OGRE Shutdown
18:38:15: Unregistering ResourceManager for type Compositor
18:38:15: Unregistering ResourceManager for type Font
18:38:15: Unregistering ResourceManager for type Skeleton
18:38:15: Unregistering ResourceManager for type Mesh
18:38:15: Unregistering ResourceManager for type HighLevelGpuProgram
18:38:15: Uninstalling plugin: Octree & Terrain Scene Manager
18:38:15: Plugin successfully uninstalled
18:38:15: Unloading library .\Plugin_OctreeSceneManager
18:38:15: Uninstalling plugin: Octree Zone Factory
18:38:15: Plugin successfully uninstalled
18:38:15: Unloading library .\Plugin_OctreeZone
18:38:15: Uninstalling plugin: Portal Connected Zone Scene Manager
18:38:15: Plugin successfully uninstalled
18:38:15: Unloading library .\Plugin_PCZSceneManager
18:38:15: Uninstalling plugin: Cg Program Manager
18:38:15: Plugin successfully uninstalled
18:38:15: Unloading library .\Plugin_CgProgramManager
18:38:15: Uninstalling plugin: BSP Scene Manager
18:38:15: Plugin successfully uninstalled
18:38:15: Unloading library .\Plugin_BSPSceneManager
18:38:15: Uninstalling plugin: ParticleFX
18:38:15: Plugin successfully uninstalled
18:38:15: Unloading library .\Plugin_ParticleFX
18:38:15: Uninstalling plugin: GL RenderSystem
18:38:15: Unregistering ResourceManager for type GpuProgram
18:38:15: *** Stopping Win32GL Subsystem ***
18:38:15: Unregistering ResourceManager for type Texture
18:38:15: Plugin successfully uninstalled
18:38:15: Unloading library .\RenderSystem_GL
18:38:15: Uninstalling plugin: D3D9 RenderSystem
18:38:15: D3D9 : Shutting down cleanly.
18:38:15: D3D9 : Direct3D9 Rendering Subsystem destroyed.
18:38:15: Plugin successfully uninstalled
18:38:15: Unloading library .\RenderSystem_Direct3D9
18:38:15: Unregistering ResourceManager for type Material
