20:58:27: Creating resource group General
20:58:27: Creating resource group Internal
20:58:27: Creating resource group Autodetect
20:58:27: SceneManagerFactory for type 'DefaultSceneManager' registered.
20:58:27: Registering ResourceManager for type Material
20:58:27: Registering ResourceManager for type Mesh
20:58:27: Registering ResourceManager for type Skeleton
20:58:27: MovableObjectFactory for type 'ParticleSystem' registered.
20:58:27: OverlayElementFactory for type Panel registered.
20:58:27: OverlayElementFactory for type BorderPanel registered.
20:58:27: OverlayElementFactory for type TextArea registered.
20:58:27: Registering ResourceManager for type Font
20:58:27: ArchiveFactory for archive type FileSystem registered.
20:58:27: ArchiveFactory for archive type Zip registered.
20:58:27: DDS codec registering
20:58:27: FreeImage version: 3.13.1
20:58:27: This program uses FreeImage, a free, open source image library supporting all common bitmap formats. See http://freeimage.sourceforge.net for details
20:58:27: Supported formats: bmp,ico,jpg,jif,jpeg,jpe,jng,koa,iff,lbm,mng,pbm,pbm,pcd,pcx,pgm,pgm,png,ppm,ppm,ras,tga,targa,tif,tiff,wap,wbmp,wbm,psd,cut,xbm,xpm,gif,hdr,g3,sgi,exr,j2k,j2c,jp2,pfm,pct,pict,pic,bay,bmq,cr2,crw,cs1,dc2,dcr,dng,erf,fff,hdr,k25,kdc,mdc,mos,mrw,nef,orf,pef,pxn,raf,raw,rdc,sr2,srf,arw,3fr,cine,ia,kc2,mef,nrw,qtk,rw2,sti,drf,dsc,ptx,cap,iiq,rwz
20:58:27: Registering ResourceManager for type HighLevelGpuProgram
20:58:27: Registering ResourceManager for type Compositor
20:58:27: MovableObjectFactory for type 'Entity' registered.
20:58:27: MovableObjectFactory for type 'Light' registered.
20:58:27: MovableObjectFactory for type 'BillboardSet' registered.
20:58:27: MovableObjectFactory for type 'ManualObject' registered.
20:58:27: MovableObjectFactory for type 'BillboardChain' registered.
20:58:27: MovableObjectFactory for type 'RibbonTrail' registered.
20:58:27: OGRE EXCEPTION(6:FileNotFoundException): 'plugins.cfg' file not found! in ConfigFile::load at ..\..\..\..\OgreMain\src\OgreConfigFile.cpp (line 83)
20:58:27: plugins.cfg not found, automatic plugin loading disabled.
20:58:27: *-*-* OGRE Initialising
20:58:27: *-*-* Version 1.7.1 (Cthugha)
20:58:27: OGRE EXCEPTION(6:FileNotFoundException): 'resources.cfg' file not found! in ConfigFile::load at ..\..\..\..\OgreMain\src\OgreConfigFile.cpp (line 83)
