20:58:32: Creating resource group General
20:58:32: Creating resource group Internal
20:58:32: Creating resource group Autodetect
20:58:32: SceneManagerFactory for type 'DefaultSceneManager' registered.
20:58:32: Registering ResourceManager for type Material
20:58:32: Registering ResourceManager for type Mesh
20:58:32: Registering ResourceManager for type Skeleton
20:58:32: MovableObjectFactory for type 'ParticleSystem' registered.
20:58:32: OverlayElementFactory for type Panel registered.
20:58:32: OverlayElementFactory for type BorderPanel registered.
20:58:32: OverlayElementFactory for type TextArea registered.
20:58:32: Registering ResourceManager for type Font
20:58:32: ArchiveFactory for archive type FileSystem registered.
20:58:32: ArchiveFactory for archive type Zip registered.
20:58:32: DDS codec registering
20:58:32: FreeImage version: 3.13.1
20:58:32: This program uses FreeImage, a free, open source image library supporting all common bitmap formats. See http://freeimage.sourceforge.net for details
20:58:32: Supported formats: bmp,ico,jpg,jif,jpeg,jpe,jng,koa,iff,lbm,mng,pbm,pbm,pcd,pcx,pgm,pgm,png,ppm,ppm,ras,tga,targa,tif,tiff,wap,wbmp,wbm,psd,cut,xbm,xpm,gif,hdr,g3,sgi,exr,j2k,j2c,jp2,pfm,pct,pict,pic,bay,bmq,cr2,crw,cs1,dc2,dcr,dng,erf,fff,hdr,k25,kdc,mdc,mos,mrw,nef,orf,pef,pxn,raf,raw,rdc,sr2,srf,arw,3fr,cine,ia,kc2,mef,nrw,qtk,rw2,sti,drf,dsc,ptx,cap,iiq,rwz
20:58:32: Registering ResourceManager for type HighLevelGpuProgram
20:58:32: Registering ResourceManager for type Compositor
20:58:32: MovableObjectFactory for type 'Entity' registered.
20:58:32: MovableObjectFactory for type 'Light' registered.
20:58:32: MovableObjectFactory for type 'BillboardSet' registered.
20:58:32: MovableObjectFactory for type 'ManualObject' registered.
20:58:32: MovableObjectFactory for type 'BillboardChain' registered.
20:58:32: MovableObjectFactory for type 'RibbonTrail' registered.
20:58:32: Loading library .\RenderSystem_Direct3D9
20:58:32: Installing plugin: D3D9 RenderSystem
20:58:32: D3D9 : Direct3D9 Rendering Subsystem created.
20:58:32: D3D9: Driver Detection Starts
20:58:32: D3D9: Driver Detection Ends
20:58:32: Plugin successfully installed
20:58:32: Loading library .\RenderSystem_GL
20:58:32: Installing plugin: GL RenderSystem
20:58:32: OpenGL Rendering Subsystem created.
20:58:32: Plugin successfully installed
20:58:32: Loading library .\Plugin_ParticleFX
20:58:32: Installing plugin: ParticleFX
20:58:32: Particle Emitter Type 'Point' registered
20:58:32: Particle Emitter Type 'Box' registered
20:58:32: Particle Emitter Type 'Ellipsoid' registered
20:58:32: Particle Emitter Type 'Cylinder' registered
20:58:32: Particle Emitter Type 'Ring' registered
20:58:32: Particle Emitter Type 'HollowEllipsoid' registered
20:58:32: Particle Affector Type 'LinearForce' registered
20:58:32: Particle Affector Type 'ColourFader' registered
20:58:32: Particle Affector Type 'ColourFader2' registered
20:58:32: Particle Affector Type 'ColourImage' registered
20:58:32: Particle Affector Type 'ColourInterpolator' registered
20:58:32: Particle Affector Type 'Scaler' registered
20:58:32: Particle Affector Type 'Rotator' registered
20:58:32: Particle Affector Type 'DirectionRandomiser' registered
20:58:32: Particle Affector Type 'DeflectorPlane' registered
20:58:32: Plugin successfully installed
20:58:32: Loading library .\Plugin_BSPSceneManager
20:58:32: Installing plugin: BSP Scene Manager
20:58:32: Plugin successfully installed
20:58:32: Loading library .\Plugin_CgProgramManager
20:58:32: Installing plugin: Cg Program Manager
20:58:32: Plugin successfully installed
20:58:32: Loading library .\Plugin_PCZSceneManager
20:58:32: Installing plugin: Portal Connected Zone Scene Manager
20:58:32: PCZone Factory Type 'ZoneType_Default' registered
20:58:32: Plugin successfully installed
20:58:32: Loading library .\Plugin_OctreeZone
20:58:32: Installing plugin: Octree Zone Factory
20:58:32: Plugin successfully installed
20:58:32: Loading library .\Plugin_OctreeSceneManager
20:58:32: Installing plugin: Octree & Terrain Scene Manager
20:58:32: Plugin successfully installed
20:58:32: *-*-* OGRE Initialising
20:58:32: *-*-* Version 1.7.1 (Cthugha)
20:58:32: Creating resource group Essential
20:58:32: Added resource location '../../media/thumbnails' of type 'FileSystem' to resource group 'Essential'
20:58:32: Added resource location '../../media/packs/SdkTrays.zip' of type 'Zip' to resource group 'Essential'
20:58:32: Added resource location '../../media' of type 'FileSystem' to resource group 'General'
20:58:32: Creating resource group Popular
20:58:32: Added resource location '../../media/fonts' of type 'FileSystem' to resource group 'Popular'
20:58:32: Added resource location '../../media/materials/programs' of type 'FileSystem' to resource group 'Popular'
20:58:32: Added resource location '../../media/materials/scripts' of type 'FileSystem' to resource group 'Popular'
20:58:32: Added resource location '../../media/materials/textures' of type 'FileSystem' to resource group 'Popular'
20:58:32: Added resource location '../../media/materials/textures/nvidia' of type 'FileSystem' to resource group 'Popular'
20:58:32: Added resource location '../../media/models' of type 'FileSystem' to resource group 'Popular'
20:58:32: Added resource location '../../media/particle' of type 'FileSystem' to resource group 'Popular'
20:58:32: Added resource location '../../media/DeferredShadingMedia' of type 'FileSystem' to resource group 'Popular'
20:58:32: Added resource location '../../media/PCZAppMedia' of type 'FileSystem' to resource group 'Popular'
20:58:32: Added resource location '../../media/RTShaderLib' of type 'FileSystem' to resource group 'Popular'
20:58:32: Added resource location '../../media/RTShaderLib/materials' of type 'FileSystem' to resource group 'Popular'
20:58:32: Added resource location '../../media/packs/cubemap.zip' of type 'Zip' to resource group 'Popular'
20:58:32: Added resource location '../../media/packs/cubemapsJS.zip' of type 'Zip' to resource group 'Popular'
20:58:32: Added resource location '../../media/packs/dragon.zip' of type 'Zip' to resource group 'Popular'
20:58:32: Added resource location '../../media/packs/fresneldemo.zip' of type 'Zip' to resource group 'Popular'
20:58:32: Added resource location '../../media/packs/ogretestmap.zip' of type 'Zip' to resource group 'Popular'
20:58:32: Added resource location '../../media/packs/ogredance.zip' of type 'Zip' to resource group 'Popular'
20:58:32: Added resource location '../../media/packs/Sinbad.zip' of type 'Zip' to resource group 'Popular'
20:58:32: Added resource location '../../media/packs/skybox.zip' of type 'Zip' to resource group 'Popular'
20:58:32: D3D9 : RenderSystem Option: Allow NVPerfHUD = No
20:58:32: D3D9 : RenderSystem Option: FSAA = 0
20:58:32: D3D9 : RenderSystem Option: Floating-point mode = Fastest
20:58:32: D3D9 : RenderSystem Option: Full Screen = Yes
20:58:32: D3D9 : RenderSystem Option: Rendering Device = Monitor-1-NVIDIA GeForce 9600 GT
20:58:32: D3D9 : RenderSystem Option: Resource Creation Policy = Create on all devices
20:58:32: D3D9 : RenderSystem Option: VSync = No
20:58:32: D3D9 : RenderSystem Option: VSync Interval = 1
20:58:32: D3D9 : RenderSystem Option: Video Mode = 800 x 600 @ 32-bit colour
20:58:32: D3D9 : RenderSystem Option: sRGB Gamma Conversion = No
20:58:33: CPU Identifier & Features
20:58:33: -------------------------
20:58:33:  *   CPU ID: GenuineIntel: Intel(R) Core(TM) i7-8750H CPU @ 2.20GHz
20:58:33:  *      SSE: yes
20:58:34:  *     SSE2: yes
20:58:34:  *     SSE3: yes
20:58:34:  *      MMX: yes
20:58:34:  *   MMXEXT: yes
20:58:34:  *    3DNOW: no
20:58:34:  * 3DNOWEXT: no
20:58:34:  *     CMOV: yes
20:58:34:  *      TSC: yes
20:58:34:  *      FPU: yes
20:58:34:  *      PRO: yes
20:58:34:  *       HT: no
20:58:34: -------------------------
20:58:34: *** Starting Win32GL Subsystem ***
20:58:34: GLRenderSystem::_createRenderWindow "NCTU. 3D Game Programming. Student Name: Chien-Chou Wong. ID:309553012", 1024x768 windowed  miscParams: FSAA=0 FSAAHint= colourDepth=32 displayFrequency=0 gamma=false vsync=false vsyncInterval=1 
20:58:34: Created Win32Window 'NCTU. 3D Game Programming. Student Name: Chien-Chou Wong. ID:309553012' : 1040x807, 32bpp
20:58:34: GL_VERSION = 4.5.0 - Build 23.20.16.5018
20:58:34: GL_VENDOR = Intel
20:58:34: GL_RENDERER = Intel(R) UHD Graphics 630
20:58:34: GL_EXTENSIONS = GL_3DFX_texture_compression_FXT1 GL_AMD_depth_clamp_separate GL_AMD_vertex_shader_layer GL_AMD_vertex_shader_viewport_index GL_ARB_ES2_compatibility GL_ARB_ES3_1_compatibility GL_ARB_ES3_compatibility GL_ARB_arrays_of_arrays GL_ARB_base_instance GL_ARB_bindless_texture GL_ARB_blend_func_extended GL_ARB_buffer_storage GL_ARB_cl_event GL_ARB_clear_buffer_object GL_ARB_clear_texture GL_ARB_clip_control GL_ARB_color_buffer_float GL_ARB_compatibility GL_ARB_compressed_texture_pixel_storage GL_ARB_compute_shader GL_ARB_conditional_render_inverted GL_ARB_conservative_depth GL_ARB_copy_buffer GL_ARB_copy_image GL_ARB_cull_distance GL_ARB_debug_output GL_ARB_depth_buffer_float GL_ARB_depth_clamp GL_ARB_depth_texture GL_ARB_derivative_control GL_ARB_direct_state_access GL_ARB_draw_buffers GL_ARB_draw_buffers_blend GL_ARB_draw_elements_base_vertex GL_ARB_draw_indirect GL_ARB_draw_instanced GL_ARB_enhanced_layouts GL_ARB_explicit_attrib_location GL_ARB_explicit_uniform_location GL_ARB_fragment_coord_conventions GL_ARB_fragment_layer_viewport GL_ARB_fragment_program GL_ARB_fragment_program_shadow GL_ARB_fragment_shader GL_ARB_fragment_shader_interlock GL_ARB_framebuffer_no_attachments GL_ARB_framebuffer_object GL_ARB_framebuffer_sRGB GL_ARB_geometry_shader4 GL_ARB_get_program_binary GL_ARB_get_texture_sub_image GL_ARB_gpu_shader5 GL_ARB_gpu_shader_fp64 GL_ARB_half_float_pixel GL_ARB_half_float_vertex GL_ARB_indirect_parameters GL_ARB_instanced_arrays GL_ARB_internalformat_query GL_ARB_internalformat_query2 GL_ARB_invalidate_subdata GL_ARB_map_buffer_alignment GL_ARB_map_buffer_range GL_ARB_multi_bind GL_ARB_multi_draw_indirect GL_ARB_multisample GL_ARB_multitexture GL_ARB_occlusion_query GL_ARB_occlusion_query2 GL_ARB_pixel_buffer_object GL_ARB_point_parameters GL_ARB_point_sprite GL_ARB_polygon_offset_clamp GL_ARB_post_depth_coverage GL_ARB_program_interface_query GL_ARB_provoking_vertex GL_ARB_query_buffer_object GL_ARB_robust_buffer_access_behavior GL_ARB_robustness GL_ARB_robustness_isolation GL_ARB_sample_shading GL_ARB_sampler_objects GL_ARB_seamless_cube_map GL_ARB_seamless_cubemap_per_texture GL_ARB_separate_shader_objects GL_ARB_shader_atomic_counter_ops GL_ARB_shader_atomic_counters GL_ARB_shader_bit_encoding GL_ARB_shader_draw_parameters GL_ARB_shader_group_vote GL_ARB_shader_image_load_store GL_ARB_shader_image_size GL_ARB_shader_objects GL_ARB_shader_precision GL_ARB_shader_stencil_export GL_ARB_shader_storage_buffer_object GL_ARB_shader_subroutine GL_ARB_shader_texture_image_samples GL_ARB_shading_language_100 GL_ARB_shading_language_420pack GL_ARB_shading_language_packing GL_ARB_shadow GL_ARB_stencil_texturing GL_ARB_sync GL_ARB_tessellation_shader GL_ARB_texture_barrier GL_ARB_texture_border_clamp GL_ARB_texture_buffer_object GL_ARB_texture_buffer_object_rgb32 GL_ARB_texture_buffer_range GL_ARB_texture_compression GL_ARB_texture_compression_bptc GL_ARB_texture_compression_rgtc GL_ARB_texture_cube_map GL_ARB_texture_cube_map_array GL_ARB_texture_env_add GL_ARB_texture_env_combine GL_ARB_texture_env_crossbar GL_ARB_texture_env_dot3 GL_ARB_texture_float GL_ARB_texture_gather GL_ARB_texture_mirror_clamp_to_edge GL_ARB_texture_mirrored_repeat GL_ARB_texture_multisample GL_ARB_texture_non_power_of_two GL_ARB_texture_query_levels GL_ARB_texture_query_lod GL_ARB_texture_rectangle GL_ARB_texture_rg GL_ARB_texture_rgb10_a2ui GL_ARB_texture_stencil8 GL_ARB_texture_storage GL_ARB_texture_storage_multisample GL_ARB_texture_swizzle GL_ARB_texture_view GL_ARB_timer_query GL_ARB_transform_feedback2 GL_ARB_transform_feedback3 GL_ARB_transform_feedback_instanced GL_ARB_transpose_matrix GL_ARB_uniform_buffer_object GL_ARB_vertex_array_bgra GL_ARB_vertex_array_object GL_ARB_vertex_attrib_64bit GL_ARB_vertex_attrib_binding GL_ARB_vertex_buffer_object GL_ARB_vertex_program GL_ARB_vertex_shader GL_ARB_vertex_type_10f_11f_11f_rev GL_ARB_vertex_type_2_10_10_10_rev GL_ARB_viewport_array GL_ARB_window_pos GL_ATI_separate_stencil GL_EXT_abgr GL_EXT_bgra GL_EXT_blend_color GL_EXT_blend_equation_separate GL_EXT_blend_func_separate GL_EXT_blend_minmax GL_EXT_blend_subtract GL_EXT_clip_volume_hint GL_EXT_compiled_vertex_array GL_EXT_direct_state_access GL_EXT_draw_buffers2 GL_EXT_draw_range_elements GL_EXT_fog_coord GL_EXT_framebuffer_blit GL_EXT_framebuffer_multisample GL_EXT_framebuffer_object GL_EXT_geometry_shader4 GL_EXT_gpu_program_parameters GL_EXT_gpu_shader4 GL_EXT_multi_draw_arrays GL_EXT_packed_depth_stencil GL_EXT_packed_float GL_EXT_packed_pixels GL_EXT_polygon_offset_clamp GL_EXT_rescale_normal GL_EXT_secondary_color GL_EXT_separate_specular_color GL_EXT_shader_framebuffer_fetch GL_EXT_shader_integer_mix GL_EXT_shadow_funcs GL_EXT_stencil_two_side GL_EXT_stencil_wrap GL_EXT_texture3D GL_EXT_texture_array GL_EXT_texture_compression_s3tc GL_EXT_texture_edge_clamp GL_EXT_texture_env_add GL_EXT_texture_env_combine GL_EXT_texture_filter_anisotropic GL_EXT_texture_integer GL_EXT_texture_lod_bias GL_EXT_texture_rectangle GL_EXT_texture_sRGB GL_EXT_texture_sRGB_decode GL_EXT_texture_shared_exponent GL_EXT_texture_snorm GL_EXT_texture_storage GL_EXT_texture_swizzle GL_EXT_timer_query GL_EXT_transform_feedback GL_IBM_texture_mirrored_repeat GL_INTEL_conservative_rasterization GL_INTEL_fragment_shader_ordering GL_INTEL_framebuffer_CMAA GL_INTEL_map_texture GL_INTEL_multi_rate_fragment_shader GL_INTEL_performance_query GL_KHR_blend_equation_advanced GL_KHR_blend_equation_advanced_coherent GL_KHR_context_flush_control GL_KHR_debug GL_KHR_texture_compression_astc_hdr GL_KHR_texture_compression_astc_ldr GL_NV_blend_square GL_NV_conditional_render GL_NV_primitive_restart GL_NV_texgen_reflection GL_SGIS_generate_mipmap GL_SGIS_texture_edge_clamp GL_SGIS_texture_lod GL_SUN_multi_draw_arrays GL_WIN_swap_hint WGL_EXT_swap_control
20:58:34: Supported WGL extensions: WGL_EXT_depth_float WGL_ARB_buffer_region WGL_ARB_extensions_string WGL_ARB_make_current_read WGL_ARB_pixel_format WGL_ARB_pbuffer WGL_EXT_extensions_string WGL_EXT_swap_control WGL_ARB_multisample WGL_ARB_pixel_format_float WGL_ARB_framebuffer_sRGB WGL_ARB_create_context WGL_ARB_create_context_profile WGL_EXT_pixel_format_packed_float WGL_EXT_create_context_es_profile WGL_EXT_create_context_es2_profile WGL_NV_DX_interop WGL_WGL_INTEL_cl_sharing WGL_NV_DX_interop2 WGL_ARB_create_context_robustness WGL_ARB_context_flush_control 
20:58:34: ***************************
20:58:34: *** GL Renderer Started ***
20:58:34: ***************************
20:58:34: Registering ResourceManager for type GpuProgram
20:58:34: GLSL support detected
20:58:34: GL: Using GL_EXT_framebuffer_object for rendering to textures (best)
20:58:34: FBO PF_UNKNOWN depth/stencil support: D0S1 D0S4 D0S8 D0S16 D16S0 D16S1 D16S4 D16S8 D16S16 D24S0 D24S1 D24S4 D24S8 D24S16 D32S0 D32S1 D32S4 D32S8 D32S16 Packed-D24S8 
20:58:34: FBO PF_A8 depth/stencil support: D0S0 D0S1 D0S4 D0S8 D0S16 D16S0 D16S1 D16S4 D16S8 D16S16 D24S0 D24S1 D24S4 D24S8 D24S16 D32S0 D32S1 D32S4 D32S8 D32S16 Packed-D24S8 
20:58:34: FBO PF_R5G6B5 depth/stencil support: D0S0 D0S1 D0S4 D0S8 D0S16 D16S0 D16S1 D16S4 D16S8 D16S16 D24S0 D24S1 D24S4 D24S8 D24S16 D32S0 D32S1 D32S4 D32S8 D32S16 Packed-D24S8 
20:58:34: FBO PF_B5G6R5 depth/stencil support: D0S0 D0S1 D0S4 D0S8 D0S16 D16S0 D16S1 D16S4 D16S8 D16S16 D24S0 D24S1 D24S4 D24S8 D24S16 D32S0 D32S1 D32S4 D32S8 D32S16 Packed-D24S8 
20:58:34: FBO PF_A4R4G4B4 depth/stencil support: D0S0 D0S1 D0S4 D0S8 D0S16 D16S0 D16S1 D16S4 D16S8 D16S16 D24S0 D24S1 D24S4 D24S8 D24S16 D32S0 D32S1 D32S4 D32S8 D32S16 Packed-D24S8 
20:58:34: FBO PF_A1R5G5B5 depth/stencil support: D0S0 D0S1 D0S4 D0S8 D0S16 D16S0 D16S1 D16S4 D16S8 D16S16 D24S0 D24S1 D24S4 D24S8 D24S16 D32S0 D32S1 D32S4 D32S8 D32S16 Packed-D24S8 
20:58:34: FBO PF_R8G8B8 depth/stencil support: D0S0 D0S1 D0S4 D0S8 D0S16 D16S0 D16S1 D16S4 D16S8 D16S16 D24S0 D24S1 D24S4 D24S8 D24S16 D32S0 D32S1 D32S4 D32S8 D32S16 Packed-D24S8 
20:58:34: FBO PF_B8G8R8 depth/stencil support: D0S0 D0S1 D0S4 D0S8 D0S16 D16S0 D16S1 D16S4 D16S8 D16S16 D24S0 D24S1 D24S4 D24S8 D24S16 D32S0 D32S1 D32S4 D32S8 D32S16 Packed-D24S8 
20:58:34: FBO PF_A8R8G8B8 depth/stencil support: D0S0 D0S1 D0S4 D0S8 D0S16 D16S0 D16S1 D16S4 D16S8 D16S16 D24S0 D24S1 D24S4 D24S8 D24S16 D32S0 D32S1 D32S4 D32S8 D32S16 Packed-D24S8 
20:58:34: FBO PF_B8G8R8A8 depth/stencil support: D0S0 D0S1 D0S4 D0S8 D0S16 D16S0 D16S1 D16S4 D16S8 D16S16 D24S0 D24S1 D24S4 D24S8 D24S16 D32S0 D32S1 D32S4 D32S8 D32S16 Packed-D24S8 
20:58:34: FBO PF_A2R10G10B10 depth/stencil support: D0S0 D0S1 D0S4 D0S8 D0S16 D16S0 D16S1 D16S4 D16S8 D16S16 D24S0 D24S1 D24S4 D24S8 D24S16 D32S0 D32S1 D32S4 D32S8 D32S16 Packed-D24S8 
20:58:34: FBO PF_A2B10G10R10 depth/stencil support: D0S0 D0S1 D0S4 D0S8 D0S16 D16S0 D16S1 D16S4 D16S8 D16S16 D24S0 D24S1 D24S4 D24S8 D24S16 D32S0 D32S1 D32S4 D32S8 D32S16 Packed-D24S8 
20:58:34: FBO PF_FLOAT16_RGB depth/stencil support: D0S0 D0S1 D0S4 D0S8 D0S16 D16S0 D16S1 D16S4 D16S8 D16S16 D24S0 D24S1 D24S4 D24S8 D24S16 D32S0 D32S1 D32S4 D32S8 D32S16 Packed-D24S8 
20:58:34: FBO PF_FLOAT16_RGBA depth/stencil support: D0S0 D0S1 D0S4 D0S8 D0S16 D16S0 D16S1 D16S4 D16S8 D16S16 D24S0 D24S1 D24S4 D24S8 D24S16 D32S0 D32S1 D32S4 D32S8 D32S16 Packed-D24S8 
20:58:34: FBO PF_FLOAT32_RGB depth/stencil support: D0S0 D0S1 D0S4 D0S8 D0S16 D16S0 D16S1 D16S4 D16S8 D16S16 D24S0 D24S1 D24S4 D24S8 D24S16 D32S0 D32S1 D32S4 D32S8 D32S16 Packed-D24S8 
20:58:34: FBO PF_FLOAT32_RGBA depth/stencil support: D0S0 D0S1 D0S4 D0S8 D0S16 D16S0 D16S1 D16S4 D16S8 D16S16 D24S0 D24S1 D24S4 D24S8 D24S16 D32S0 D32S1 D32S4 D32S8 D32S16 Packed-D24S8 
20:58:34: FBO PF_X8R8G8B8 depth/stencil support: D0S0 D0S1 D0S4 D0S8 D0S16 D16S0 D16S1 D16S4 D16S8 D16S16 D24S0 D24S1 D24S4 D24S8 D24S16 D32S0 D32S1 D32S4 D32S8 D32S16 Packed-D24S8 
20:58:34: FBO PF_X8B8G8R8 depth/stencil support: D0S0 D0S1 D0S4 D0S8 D0S16 D16S0 D16S1 D16S4 D16S8 D16S16 D24S0 D24S1 D24S4 D24S8 D24S16 D32S0 D32S1 D32S4 D32S8 D32S16 Packed-D24S8 
20:58:34: FBO PF_SHORT_RGBA depth/stencil support: D0S0 D0S1 D0S4 D0S8 D0S16 D16S0 D16S1 D16S4 D16S8 D16S16 D24S0 D24S1 D24S4 D24S8 D24S16 D32S0 D32S1 D32S4 D32S8 D32S16 Packed-D24S8 
20:58:34: FBO PF_R3G3B2 depth/stencil support: D0S0 D0S1 D0S4 D0S8 D0S16 D16S0 D16S1 D16S4 D16S8 D16S16 D24S0 D24S1 D24S4 D24S8 D24S16 D32S0 D32S1 D32S4 D32S8 D32S16 Packed-D24S8 
20:58:34: FBO PF_SHORT_RGB depth/stencil support: D0S0 D0S1 D0S4 D0S8 D0S16 D16S0 D16S1 D16S4 D16S8 D16S16 D24S0 D24S1 D24S4 D24S8 D24S16 D32S0 D32S1 D32S4 D32S8 D32S16 Packed-D24S8 
20:58:34: [GL] : Valid FBO targets PF_UNKNOWN PF_A8 PF_R5G6B5 PF_B5G6R5 PF_A4R4G4B4 PF_A1R5G5B5 PF_R8G8B8 PF_B8G8R8 PF_A8R8G8B8 PF_B8G8R8A8 PF_A2R10G10B10 PF_A2B10G10R10 PF_FLOAT16_RGB PF_FLOAT16_RGBA PF_FLOAT32_RGB PF_FLOAT32_RGBA PF_X8R8G8B8 PF_X8B8G8R8 PF_SHORT_RGBA PF_R3G3B2 PF_SHORT_RGB 
20:58:34: RenderSystem capabilities
20:58:34: -------------------------
20:58:34: RenderSystem Name: OpenGL Rendering Subsystem
20:58:34: GPU Vendor: intel
20:58:34: Device Name: Intel(R) UHD Graphics 630
20:58:34: Driver Version: 4.5.0.0
20:58:34:  * Fixed function pipeline: yes
20:58:34:  * Hardware generation of mipmaps: no
20:58:34:  * Texture blending: yes
20:58:34:  * Anisotropic texture filtering: yes
20:58:34:  * Dot product texture operation: yes
20:58:34:  * Cube mapping: yes
20:58:34:  * Hardware stencil buffer: yes
20:58:34:    - Stencil depth: 8
20:58:34:    - Two sided stencil support: yes
20:58:34:    - Wrap stencil values: yes
20:58:34:  * Hardware vertex / index buffers: yes
20:58:34:  * Vertex programs: yes
20:58:34:  * Number of floating-point constants for vertex programs: 256
20:58:34:  * Number of integer constants for vertex programs: 0
20:58:34:  * Number of boolean constants for vertex programs: 0
20:58:34:  * Fragment programs: yes
20:58:34:  * Number of floating-point constants for fragment programs: 256
20:58:34:  * Number of integer constants for fragment programs: 0
20:58:34:  * Number of boolean constants for fragment programs: 0
20:58:34:  * Geometry programs: yes
20:58:34:  * Number of floating-point constants for geometry programs: 256
20:58:34:  * Number of integer constants for geometry programs: 0
20:58:34:  * Number of boolean constants for geometry programs: 0
20:58:34:  * Supported Shader Profiles: arbfp1 arbvp1 glsl gp4gp gpu_gp nvgp4
20:58:34:  * Texture Compression: yes
20:58:34:    - DXT: yes
20:58:34:    - VTC: no
20:58:34:    - PVRTC: no
20:58:34:  * Scissor Rectangle: yes
20:58:34:  * Hardware Occlusion Query: yes
20:58:34:  * User clip planes: yes
20:58:34:  * VET_UBYTE4 vertex element type: yes
20:58:34:  * Infinite far plane projection: yes
20:58:34:  * Hardware render-to-texture: yes
20:58:34:  * Floating point textures: yes
20:58:34:  * Non-power-of-two textures: yes
20:58:34:  * Volume textures: yes
20:58:34:  * Multiple Render Targets: 8
20:58:34:    - With different bit depths: yes
20:58:34:  * Point Sprites: yes
20:58:34:  * Extended point parameters: yes
20:58:34:  * Max Point Size: 255
20:58:34:  * Vertex texture fetch: yes
20:58:34:  * Number of world matrices: 0
20:58:34:  * Number of texture units: 32
20:58:34:  * Stencil buffer depth: 8
20:58:34:  * Number of vertex blend matrices: 0
20:58:34:    - Max vertex textures: 32
20:58:34:    - Vertex textures shared: yes
20:58:34:  * Render to Vertex Buffer : no
20:58:34:  * GL 1.5 without VBO workaround: no
20:58:34:  * Frame Buffer objects: yes
20:58:34:  * Frame Buffer objects (ARB extension): no
20:58:34:  * Frame Buffer objects (ATI extension): no
20:58:34:  * PBuffer support: no
20:58:34:  * GL 1.5 without HW-occlusion workaround: no
20:58:34: Registering ResourceManager for type Texture
20:58:34: DefaultWorkQueue('Root') initialising on thread 00F71518.
20:58:34: Particle Renderer Type 'billboard' registered
20:58:34: DefaultWorkQueue('Root')::WorkerFunc - thread 0C901EE8 starting.
20:58:34: DefaultWorkQueue('Root')::WorkerFunc - thread 0C901AF8 starting.
20:58:34: DefaultWorkQueue('Root')::WorkerFunc - thread 0C901B28 starting.
20:58:34: DefaultWorkQueue('Root')::WorkerFunc - thread 0C901BB8 starting.
20:58:34: DefaultWorkQueue('Root')::WorkerFunc - thread 0C901E28 starting.
20:58:34: DefaultWorkQueue('Root')::WorkerFunc - thread 0C901D68 starting.
20:58:34: DefaultWorkQueue('Root')::WorkerFunc - thread 0C901CA8 starting.
20:58:34: DefaultWorkQueue('Root')::WorkerFunc - thread 0C901E58 starting.
20:58:34: DefaultWorkQueue('Root')::WorkerFunc - thread 0C901D98 starting.
20:58:34: DefaultWorkQueue('Root')::WorkerFunc - thread 0C901A38 starting.
20:58:34: DefaultWorkQueue('Root')::WorkerFunc - thread 0C901978 starting.
20:58:34: DefaultWorkQueue('Root')::WorkerFunc - thread 0C901D08 starting.
20:58:34: SceneManagerFactory for type 'BspSceneManager' registered.
20:58:34: Registering ResourceManager for type BspLevel
20:58:34: SceneManagerFactory for type 'PCZSceneManager' registered.
20:58:34: MovableObjectFactory for type 'PCZLight' registered.
20:58:34: MovableObjectFactory for type 'Portal' registered.
20:58:34: MovableObjectFactory for type 'AntiPortal' registered.
20:58:34: PCZone Factory Type 'ZoneType_Octree' registered
20:58:34: PCZone Factory Type 'ZoneType_Terrain' registered
20:58:34: SceneManagerFactory for type 'OctreeSceneManager' registered.
20:58:34: SceneManagerFactory for type 'TerrainSceneManager' registered.
20:58:34: Parsing scripts for resource group Autodetect
20:58:34: Finished parsing scripts for resource group Autodetect
20:58:34: Parsing scripts for resource group Essential
20:58:34: Parsing script SdkTrays.material
20:58:34: Parsing script SdkTrays.fontdef
20:58:34: Parsing script SdkTrays.overlay
20:58:34: Bad element attribute line: '# you can offset the image to change the cursor "hotspot"' for element SdkTrays/Cursor in overlay 
20:58:34: Texture: sdk_cursor.png: Loading 1 faces(PF_A8R8G8B8,32x32x1) with 5 generated mipmaps from Image. Internal format is PF_A8R8G8B8,32x32x1.
20:58:35: Texture: sdk_tray.png: Loading 1 faces(PF_A8R8G8B8,64x64x1) with 5 generated mipmaps from Image. Internal format is PF_A8R8G8B8,64x64x1.
20:58:35: Texture: sdk_button_up.png: Loading 1 faces(PF_A8R8G8B8,128x32x1) with 5 generated mipmaps from Image. Internal format is PF_A8R8G8B8,128x32x1.
20:58:35: Texture: sdk_text_box.png: Loading 1 faces(PF_A8R8G8B8,32x32x1) with 5 generated mipmaps from Image. Internal format is PF_A8R8G8B8,32x32x1.
20:58:35: Texture: sdk_mini_tray.png: Loading 1 faces(PF_A8R8G8B8,32x32x1) with 5 generated mipmaps from Image. Internal format is PF_A8R8G8B8,32x32x1.
20:58:35: Texture: sdk_track.png: Loading 1 faces(PF_A8R8G8B8,16x32x1) with 5 generated mipmaps from Image. Internal format is PF_A8R8G8B8,16x32x1.
20:58:35: Texture: sdk_handle.png: Loading 1 faces(PF_A8R8G8B8,16x16x1) with 4 generated mipmaps from Image. Internal format is PF_A8R8G8B8,16x16x1.
20:58:35: Texture: sdk_mini_text_box.png: Loading 1 faces(PF_A8R8G8B8,32x32x1) with 5 generated mipmaps from Image. Internal format is PF_A8R8G8B8,32x32x1.
20:58:35: Texture: sdk_label.png: Loading 1 faces(PF_A8R8G8B8,32x32x1) with 5 generated mipmaps from Image. Internal format is PF_A8R8G8B8,32x32x1.
20:58:35: Texture: sdk_separator.png: Loading 1 faces(PF_A8R8G8B8,64x16x1) with 5 generated mipmaps from Image. Internal format is PF_A8R8G8B8,64x16x1.
20:58:35: Texture: sdk_logo.png: Loading 1 faces(PF_A8R8G8B8,128x64x1) with 5 generated mipmaps from Image. Internal format is PF_A8R8G8B8,128x64x1.
20:58:35: Texture: sdk_shade.png: Loading 1 faces(PF_A8R8G8B8,64x48x1) with 5 generated mipmaps from Image. Internal format is PF_A8R8G8B8,64x48x1.
20:58:35: Texture: sdk_frame.png: Loading 1 faces(PF_A8R8G8B8,32x32x1) with 5 generated mipmaps from Image. Internal format is PF_A8R8G8B8,32x32x1.
20:58:35: Texture: sdk_mini_text_box_over.png: Loading 1 faces(PF_A8R8G8B8,32x32x1) with 5 generated mipmaps from Image. Internal format is PF_A8R8G8B8,32x32x1.
20:58:35: Texture: sdk_pulse.png: Loading 1 faces(PF_R8G8B8,8x1x1) with 3 generated mipmaps from Image. Internal format is PF_X8R8G8B8,8x1x1.
20:58:35: Finished parsing scripts for resource group Essential
20:58:35: Parsing scripts for resource group General
20:58:35: Finished parsing scripts for resource group General
20:58:35: Parsing scripts for resource group Internal
20:58:35: Finished parsing scripts for resource group Internal
20:58:35: Parsing scripts for resource group Popular
20:58:35: Parsing script Examples.program
20:58:35: GLSL compiled : Ogre/BasicVertexPrograms/AmbientOneTextureGLSLWARNING: 0:1: '' :  #version directive missing


20:58:35: GLSL compiled : Ogre/HardwareSkinningTwoWeightsGLSLWARNING: 0:3: '' :  #version directive missing


20:58:35: OGRE EXCEPTION(2:InvalidParametersException): Parameter called ambient does not exist.  in GpuProgramParameters::_findNamedConstantDefinition at ..\..\..\..\OgreMain\src\OgreGpuProgramParams.cpp (line 1433)
20:58:35: Compiler error: invalid parameters in Examples.program(130): setting of constant failed
20:58:35: Parsing script StdQuad_vp.program
20:58:35: Parsing script deferred_post.program
20:58:35: Parsing script ShadowCaster.program
20:58:35: Parsing script ASCII.material
20:58:35: Parsing script ASMSwizzle.material
20:58:35: Parsing script BlackAndWhite.material
20:58:35: Parsing script Bloom.material
20:58:35: GLSL compiled : Blur_ps_glslWARNING: 0:1: '' :  #version directive missing


20:58:35: GLSL compiled : Blur0_vs_glslWARNING: 0:1: '' :  #version directive missing


20:58:35: GLSL compiled : Blur1_vs_glslWARNING: 0:1: '' :  #version directive missing


20:58:35: Parsing script Bloom2.material
20:58:35: GLSL compiled : Bloom2_ps20_glslWARNING: 0:9: '' :  #version directive missing


20:58:35: Parsing script CGSwizzle.material
20:58:35: Parsing script CompositorDemo.material
20:58:35: Parsing script DepthShadowmap.material
20:58:35: GLSL compiled : Ogre/DepthShadowmap/CasterVP_GLSLWARNING: 0:1: '' :  #version directive missing


20:58:35: GLSL compiled : Ogre/DepthShadowmap/CasterFP_GLSLWARNING: 0:2: '' :  #version directive missing


20:58:35: GLSL compiled : Ogre/DepthShadowmap/ReceiverVP_GLSLWARNING: 0:1: '' :  #version directive missing


20:58:35: GLSL compiled : Ogre/DepthShadowmap/ReceiverFP_GLSLWARNING: 0:1: '' :  #version directive missing


20:58:35: GLSL compiled : Ogre/DepthShadowmap/ReceiverFPPCF_GLSLWARNING: 0:1: '' :  #version directive missing


20:58:35: GLSL compiled : Ogre/DepthShadowmap/NormalMapReceiverVP_GLSLWARNING: 0:1: '' :  #version directive missing


20:58:35: GLSL compiled : Ogre/DepthShadowmap/NormalMapReceiverFP_GLSLWARNING: 0:1: '' :  #version directive missing


20:58:35: GLSL compiled : Ogre/DepthShadowmap/NormalMapReceiverFPPCF_GLSLWARNING: 0:1: '' :  #version directive missing


20:58:35: Parsing script Dither.material
20:58:35: Parsing script DOF.material
20:58:35: Parsing script Embossed.material
20:58:35: Parsing script Example-Water.material
20:58:35: Parsing script Examples-Advanced.material
20:58:35: Compiler error: object unsupported by render system in Examples-Advanced.material(383)
20:58:35: Parsing script Examples-DynTex.material
20:58:35: Parsing script Examples-Water.material
20:58:35: Parsing script Examples.material
20:58:35: Compiler error: number expected in Examples.material(31): specular expects at least 4 arguments
20:58:35: Compiler error: number expected in Examples.material(46): specular expects at least 4 arguments
20:58:35: Compiler error: number expected in Examples.material(61): specular expects at least 4 arguments
20:58:35: Compiler error: number expected in Examples.material(76): specular expects at least 4 arguments
20:58:35: OGRE EXCEPTION(2:InvalidParametersException): Parameter called camObjPos does not exist.  in GpuProgramParameters::_findNamedConstantDefinition at ..\..\..\..\OgreMain\src\OgreGpuProgramParams.cpp (line 1433)
20:58:35: Compiler error: invalid parameters in Examples.material(897): setting of constant failed
20:58:35: GLSL compiled : Ogre/HardwareSkinningTwoWeightsShadowCasterGLSLWARNING: 0:3: '' :  #version directive missing


20:58:35: Parsing script facial.material
20:58:35: Parsing script Glass.material
20:58:35: Parsing script GLSLSwizzle.material
20:58:35: GLSL compiled : Ogre/GPTest/Passthrough_VP_GLSLWARNING: 0:1: '' :  #version directive missing


20:58:35: Parsing script Halftone.material
20:58:35: Parsing script hdr.material
20:58:35: GLSL compiled : Ogre/Compositor/HDR/downscale2x2LuminenceGLSL_fpWARNING: 0:1: '' :  #version directive missing


20:58:35: GLSL compiled : Ogre/Compositor/StdQuad_GLSL_vpWARNING: 0:1: '' :  #version directive missing


20:58:35: GLSL compiled : Ogre/Compositor/HDR/downscale3x3GLSL_fpWARNING: 0:1: '' :  #version directive missing


20:58:35: GLSL compiled : Ogre/Compositor/HDR/utils_fpWARNING: 0:1: '' :  #version directive missing


20:58:35: GLSL compiled : Ogre/Compositor/HDR/downscale3x3brightpassGLSL_fpWARNING: 0:1: '' :  #version directive missing


20:58:35: GLSL compiled : Ogre/Compositor/HDR/bloomGLSL_fpWARNING: 0:1: '' :  #version directive missing


20:58:35: GLSL compiled : Ogre/Compositor/HDR/utils_fpWARNING: 0:1: '' :  #version directive missing


20:58:35: GLSL compiled : Ogre/Compositor/HDR/finaltonemappingGLSL_fpWARNING: 0:1: '' :  #version directive missing


20:58:35: Parsing script HeatVision.material
20:58:35: Parsing script Hurt.material
20:58:35: Parsing script instancing.material
20:58:35: GLSL compiled : InstancingGLSLWARNING: 0:1: '' :  #version directive missing


20:58:35: GLSL compiled : InstancingShadowCasterGLSLWARNING: 0:1: '' :  #version directive missing


20:58:35: GLSL compiled : CrowdGLSLWARNING: 0:1: '' :  #version directive missing


20:58:35: GLSL compiled : CrowdShadowCasterGLSLWARNING: 0:1: '' :  #version directive missing


20:58:35: Parsing script Invert.material
20:58:35: Parsing script IsoSurf.material
20:58:35: Problem parsing the following Cg Uniform: '@TMP0' in file Ogre/IsoSurf/TessellateTetrahedraGS
20:58:35: Parsing script Laplace.material
20:58:35: Parsing script MotionBlur.material
20:58:35: Parsing script MRTtest.material
20:58:35: GLSL compiled : Ogre/MRTtest/scenefp/GLSLWARNING: 0:3: '' :  #version directive missing


20:58:35: GLSL compiled : Ogre/MRTtest/quadfp/GLSLWARNING: 0:1: '' :  #version directive missing


20:58:35: Parsing script NightVision.material
20:58:35: Parsing script Ocean.material
20:58:35: GLSL compiled : GLSL/OceanVSWARNING: 0:10: '' :  #version directive missing


20:58:35: GLSL compiled : GLSL/OceanFSWARNING: 0:10: '' :  #version directive missing


20:58:35: GLSL compiled : GLSL/Ocean2VSWARNING: 0:22: '' :  #version directive missing


20:58:35: GLSL compiled : GLSL/Ocean2FSWARNING: 0:23: '' :  #version directive missing


20:58:35: Parsing script OffsetMapping.material
20:58:35: Compiler error: object unsupported by render system in OffsetMapping.material(18)
20:58:35: GLSL compiled : Examples/OffsetMappingIntegratedShadowsFPglslWARNING: 0:1: '' :  #version directive missing


20:58:35: GLSL compiled : Examples/OffsetMappingIntegratedShadowsVPglslWARNING: 0:1: '' :  #version directive missing


20:58:35: Parsing script Ogre.material
20:58:35: Parsing script OldMovie.material
20:58:35: Parsing script OldTV.material
20:58:35: Parsing script ParticleGS.material
20:58:35: Parsing script Penguin.material
20:58:35: Parsing script Posterize.material
20:58:35: Parsing script pssm.material
20:58:35: Parsing script RadialBlur.material
20:58:35: Parsing script RZR-002.material
20:58:35: Parsing script ShaderSystem.material
20:58:35: Parsing script shadows.material
20:58:35: Parsing script SharpenEdges.material
20:58:35: Parsing script sibenik.material
20:58:35: Parsing script smoke.material
20:58:35: Parsing script Tiling.material
20:58:35: Parsing script VarianceShadowmap.material
20:58:35: Parsing script deferreddemo.material
20:58:35: Parsing script deferred_post.material
20:58:35: Parsing script deferred_post_minilight.material
20:58:35: Parsing script ShadowCaster.material
20:58:35: Parsing script ssao.material
20:58:35: Parsing script ROOM.material
20:58:35: Parsing script RTShaderSystem.material
20:58:35: Compiler error: unknown error in RTShaderSystem.material(23): token "rtshader_system" is not recognized
20:58:35: Compiler error: unknown error in RTShaderSystem.material(52): token "rtshader_system" is not recognized
20:58:35: Compiler error: unknown error in RTShaderSystem.material(81): token "rtshader_system" is not recognized
20:58:35: Compiler error: unknown error in RTShaderSystem.material(110): token "rtshader_system" is not recognized
20:58:35: Compiler error: unknown error in RTShaderSystem.material(146): token "rtshader_system" is not recognized
20:58:35: Compiler error: unknown error in RTShaderSystem.material(81): token "rtshader_system" is not recognized
20:58:35: Compiler error: unknown error in RTShaderSystem.material(162): token "rtshader_system" is not recognized
20:58:35: Compiler error: unknown error in RTShaderSystem.material(81): token "rtshader_system" is not recognized
20:58:35: Compiler error: unknown error in RTShaderSystem.material(110): token "rtshader_system" is not recognized
20:58:35: Parsing script RomanBath.material
20:58:35: Parsing script Sinbad.material
20:58:35: Parsing script emitted_emitter.particle
20:58:35: Parsing script Examples-Water.particle
20:58:35: Parsing script Examples.particle
20:58:35: Parsing script smoke.particle
20:58:35: Parsing script Examples.compositor
20:58:35: Parsing script deferred.compositor
20:58:35: Parsing script ssao.compositor
20:58:35: Parsing script sample.fontdef
20:58:35: Finished parsing scripts for resource group Popular
20:58:35: Texture: rockwall.tga: Loading 1 faces(PF_R8G8B8,256x256x1) with 5 generated mipmaps from Image. Internal format is PF_X8R8G8B8,256x256x1.
20:58:35: Mesh: Loading cube.mesh.
20:58:35: Mesh: Loading robot.mesh.
20:58:35: Skeleton: Loading robot.skeleton
20:58:35: Texture: r2skin.jpg: Loading 1 faces(PF_R8G8B8,512x512x1) with 5 generated mipmaps from Image. Internal format is PF_X8R8G8B8,512x512x1.
20:58:35: Mesh: Loading sphere.mesh.
20:58:35: *** Initializing OIS ***
20:58:36: Texture: spot_shadow_fade.png: Loading 1 faces(PF_R8G8B8,128x128x1) with 5 generated mipmaps from Image. Internal format is PF_X8R8G8B8,128x128x1.
20:58:36: Font SdkTrays/Captionusing texture size 512x256
20:58:36: Info: Freetype returned null for character 160 in font SdkTrays/Caption
20:58:36: Texture: SdkTrays/CaptionTexture: Loading 1 faces(PF_BYTE_LA,512x256x1) with 0 generated mipmaps from Image. Internal format is PF_BYTE_LA,512x256x1.
20:58:36: Font SdkTrays/Valueusing texture size 512x512
20:58:36: Info: Freetype returned null for character 127 in font SdkTrays/Value
20:58:36: Info: Freetype returned null for character 128 in font SdkTrays/Value
20:58:36: Info: Freetype returned null for character 129 in font SdkTrays/Value
20:58:36: Info: Freetype returned null for character 130 in font SdkTrays/Value
20:58:36: Info: Freetype returned null for character 131 in font SdkTrays/Value
20:58:36: Info: Freetype returned null for character 132 in font SdkTrays/Value
20:58:36: Info: Freetype returned null for character 133 in font SdkTrays/Value
20:58:36: Info: Freetype returned null for character 134 in font SdkTrays/Value
20:58:36: Info: Freetype returned null for character 135 in font SdkTrays/Value
20:58:36: Info: Freetype returned null for character 136 in font SdkTrays/Value
20:58:36: Info: Freetype returned null for character 137 in font SdkTrays/Value
20:58:36: Info: Freetype returned null for character 138 in font SdkTrays/Value
20:58:36: Info: Freetype returned null for character 139 in font SdkTrays/Value
20:58:36: Info: Freetype returned null for character 140 in font SdkTrays/Value
20:58:36: Info: Freetype returned null for character 141 in font SdkTrays/Value
20:58:36: Info: Freetype returned null for character 142 in font SdkTrays/Value
20:58:36: Info: Freetype returned null for character 143 in font SdkTrays/Value
20:58:36: Info: Freetype returned null for character 144 in font SdkTrays/Value
20:58:36: Info: Freetype returned null for character 145 in font SdkTrays/Value
20:58:36: Info: Freetype returned null for character 146 in font SdkTrays/Value
20:58:36: Info: Freetype returned null for character 147 in font SdkTrays/Value
20:58:36: Info: Freetype returned null for character 148 in font SdkTrays/Value
20:58:36: Info: Freetype returned null for character 149 in font SdkTrays/Value
20:58:36: Info: Freetype returned null for character 150 in font SdkTrays/Value
20:58:36: Info: Freetype returned null for character 151 in font SdkTrays/Value
20:58:36: Info: Freetype returned null for character 152 in font SdkTrays/Value
20:58:36: Info: Freetype returned null for character 153 in font SdkTrays/Value
20:58:36: Info: Freetype returned null for character 154 in font SdkTrays/Value
20:58:36: Info: Freetype returned null for character 155 in font SdkTrays/Value
20:58:36: Info: Freetype returned null for character 156 in font SdkTrays/Value
20:58:36: Info: Freetype returned null for character 157 in font SdkTrays/Value
20:58:36: Info: Freetype returned null for character 158 in font SdkTrays/Value
20:58:36: Info: Freetype returned null for character 159 in font SdkTrays/Value
20:58:36: Info: Freetype returned null for character 160 in font SdkTrays/Value
20:58:36: Texture: SdkTrays/ValueTexture: Loading 1 faces(PF_BYTE_LA,512x512x1) with 0 generated mipmaps from Image. Internal format is PF_BYTE_LA,512x512x1.
20:59:28: 1:*** keyPressed ***

20:59:28: 1:*** keyReleased ***

20:59:28: 56:*** keyPressed ***

20:59:28: 15:*** keyPressed ***

20:59:29: 56:*** keyReleased ***

