bin\Debug\demo_hello.ilk
bin\Debug\demo_hello.pdb
D:\USERS\WINGO\TEACHING\3D_PROGRAMMING\SOURCE_CODE\3DGAME_OGRE_VC_9_V1-7-1_NET2010_ASSIGNMENTS\PROGRAMS\3DGP_03_201502_CROWD\BIN\DEBUG\DEMO_HELLO.EXE
D:\USERS\WINGO\TEACHING\3D_PROGRAMMING\SOURCE_CODE\3DGAME_OGRE_VC_9_V1-7-1_NET2010_ASSIGNMENTS\PROGRAMS\3DGP_03_201502_CROWD\BIN\DEBUG\DEMO_HELLO.ILK
D:\USERS\WINGO\TEACHING\3D_PROGRAMMING\SOURCE_CODE\3DGAME_OGRE_VC_9_V1-7-1_NET2010_ASSIGNMENTS\PROGRAMS\3DGP_03_201502_CROWD\BIN\DEBUG\DEMO_HELLO.PDB
D:\USERS\WINGO\TEACHING\3D_PROGRAMMING\SOURCE_CODE\3DGAME_OGRE_VC_9_V1-7-1_NET2010_ASSIGNMENTS\PROGRAMS\3DGP_03_201502_CROWD\DEBUG\ATTACK_DEFENSE_SYSTEM.OBJ
D:\USERS\WINGO\TEACHING\3D_PROGRAMMING\SOURCE_CODE\3DGAME_OGRE_VC_9_V1-7-1_NET2010_ASSIGNMENTS\PROGRAMS\3DGP_03_201502_CROWD\DEBUG\BASEAPPLICATION.OBJ
D:\USERS\WINGO\TEACHING\3D_PROGRAMMING\SOURCE_CODE\3DGAME_OGRE_VC_9_V1-7-1_NET2010_ASSIGNMENTS\PROGRAMS\3DGP_03_201502_CROWD\DEBUG\BASICTOOLS.OBJ
D:\users\wingo\teaching\3D_Programming\source_code\3DGame_Ogre_vc_9_v1-7-1_NET2010_Assignments\programs\3DGP_03_201502_Crowd\Debug\cl.command.1.tlog
D:\users\wingo\teaching\3D_Programming\source_code\3DGame_Ogre_vc_9_v1-7-1_NET2010_Assignments\programs\3DGP_03_201502_Crowd\Debug\CL.read.1.tlog
D:\users\wingo\teaching\3D_Programming\source_code\3DGame_Ogre_vc_9_v1-7-1_NET2010_Assignments\programs\3DGP_03_201502_Crowd\Debug\CL.write.1.tlog
D:\USERS\WINGO\TEACHING\3D_PROGRAMMING\SOURCE_CODE\3DGAME_OGRE_VC_9_V1-7-1_NET2010_ASSIGNMENTS\PROGRAMS\3DGP_03_201502_CROWD\DEBUG\COLLISION_DETECTION.OBJ
D:\USERS\WINGO\TEACHING\3D_PROGRAMMING\SOURCE_CODE\3DGAME_OGRE_VC_9_V1-7-1_NET2010_ASSIGNMENTS\PROGRAMS\3DGP_03_201502_CROWD\DEBUG\DEMO_HELLO.EXE.EMBED.MANIFEST
D:\USERS\WINGO\TEACHING\3D_PROGRAMMING\SOURCE_CODE\3DGAME_OGRE_VC_9_V1-7-1_NET2010_ASSIGNMENTS\PROGRAMS\3DGP_03_201502_CROWD\DEBUG\DEMO_HELLO.EXE.EMBED.MANIFEST.RES
D:\USERS\WINGO\TEACHING\3D_PROGRAMMING\SOURCE_CODE\3DGAME_OGRE_VC_9_V1-7-1_NET2010_ASSIGNMENTS\PROGRAMS\3DGP_03_201502_CROWD\DEBUG\DEMO_HELLO.EXE.INTERMEDIATE.MANIFEST
D:\users\wingo\teaching\3D_Programming\source_code\3DGame_Ogre_vc_9_v1-7-1_NET2010_Assignments\programs\3DGP_03_201502_Crowd\Debug\demo_hello.vcxprojResolveAssemblyReference.cache
D:\users\wingo\teaching\3D_Programming\source_code\3DGame_Ogre_vc_9_v1-7-1_NET2010_Assignments\programs\3DGP_03_201502_Crowd\Debug\demo_hello.write.1.tlog
D:\users\wingo\teaching\3D_Programming\source_code\3DGame_Ogre_vc_9_v1-7-1_NET2010_Assignments\programs\3DGP_03_201502_Crowd\Debug\demo_hello_manifest.rc
D:\USERS\WINGO\TEACHING\3D_PROGRAMMING\SOURCE_CODE\3DGAME_OGRE_VC_9_V1-7-1_NET2010_ASSIGNMENTS\PROGRAMS\3DGP_03_201502_CROWD\DEBUG\GAME_OBJ.OBJ
D:\users\wingo\teaching\3D_Programming\source_code\3DGame_Ogre_vc_9_v1-7-1_NET2010_Assignments\programs\3DGP_03_201502_Crowd\Debug\link.4552.read.1.tlog
D:\users\wingo\teaching\3D_Programming\source_code\3DGame_Ogre_vc_9_v1-7-1_NET2010_Assignments\programs\3DGP_03_201502_Crowd\Debug\link.4552.write.1.tlog
D:\users\wingo\teaching\3D_Programming\source_code\3DGame_Ogre_vc_9_v1-7-1_NET2010_Assignments\programs\3DGP_03_201502_Crowd\Debug\link.4552-cvtres.read.1.tlog
D:\users\wingo\teaching\3D_Programming\source_code\3DGame_Ogre_vc_9_v1-7-1_NET2010_Assignments\programs\3DGP_03_201502_Crowd\Debug\link.4552-cvtres.write.1.tlog
D:\users\wingo\teaching\3D_Programming\source_code\3DGame_Ogre_vc_9_v1-7-1_NET2010_Assignments\programs\3DGP_03_201502_Crowd\Debug\link.command.1.tlog
D:\users\wingo\teaching\3D_Programming\source_code\3DGame_Ogre_vc_9_v1-7-1_NET2010_Assignments\programs\3DGP_03_201502_Crowd\Debug\link.read.1.tlog
D:\users\wingo\teaching\3D_Programming\source_code\3DGame_Ogre_vc_9_v1-7-1_NET2010_Assignments\programs\3DGP_03_201502_Crowd\Debug\link.write.1.tlog
D:\users\wingo\teaching\3D_Programming\source_code\3DGame_Ogre_vc_9_v1-7-1_NET2010_Assignments\programs\3DGP_03_201502_Crowd\Debug\link-cvtres.read.1.tlog
D:\users\wingo\teaching\3D_Programming\source_code\3DGame_Ogre_vc_9_v1-7-1_NET2010_Assignments\programs\3DGP_03_201502_Crowd\Debug\link-cvtres.write.1.tlog
D:\USERS\WINGO\TEACHING\3D_PROGRAMMING\SOURCE_CODE\3DGAME_OGRE_VC_9_V1-7-1_NET2010_ASSIGNMENTS\PROGRAMS\3DGP_03_201502_CROWD\DEBUG\MAIN_CHAR.OBJ
D:\USERS\WINGO\TEACHING\3D_PROGRAMMING\SOURCE_CODE\3DGAME_OGRE_VC_9_V1-7-1_NET2010_ASSIGNMENTS\PROGRAMS\3DGP_03_201502_CROWD\DEBUG\MONSTER_MANAGER.OBJ
D:\USERS\WINGO\TEACHING\3D_PROGRAMMING\SOURCE_CODE\3DGAME_OGRE_VC_9_V1-7-1_NET2010_ASSIGNMENTS\PROGRAMS\3DGP_03_201502_CROWD\DEBUG\MONSTERS.OBJ
D:\users\wingo\teaching\3D_Programming\source_code\3DGame_Ogre_vc_9_v1-7-1_NET2010_Assignments\programs\3DGP_03_201502_Crowd\Debug\mt.command.1.tlog
D:\users\wingo\teaching\3D_Programming\source_code\3DGame_Ogre_vc_9_v1-7-1_NET2010_Assignments\programs\3DGP_03_201502_Crowd\Debug\mt.read.1.tlog
D:\users\wingo\teaching\3D_Programming\source_code\3DGame_Ogre_vc_9_v1-7-1_NET2010_Assignments\programs\3DGP_03_201502_Crowd\Debug\mt.write.1.tlog
D:\USERS\WINGO\TEACHING\3D_PROGRAMMING\SOURCE_CODE\3DGAME_OGRE_VC_9_V1-7-1_NET2010_ASSIGNMENTS\PROGRAMS\3DGP_03_201502_CROWD\DEBUG\PARTICLE_MANAGER.OBJ
D:\users\wingo\teaching\3D_Programming\source_code\3DGame_Ogre_vc_9_v1-7-1_NET2010_Assignments\programs\3DGP_03_201502_Crowd\Debug\rc.command.1.tlog
D:\users\wingo\teaching\3D_Programming\source_code\3DGame_Ogre_vc_9_v1-7-1_NET2010_Assignments\programs\3DGP_03_201502_Crowd\Debug\rc.read.1.tlog
D:\users\wingo\teaching\3D_Programming\source_code\3DGame_Ogre_vc_9_v1-7-1_NET2010_Assignments\programs\3DGP_03_201502_Crowd\Debug\rc.write.1.tlog
D:\USERS\WINGO\TEACHING\3D_PROGRAMMING\SOURCE_CODE\3DGAME_OGRE_VC_9_V1-7-1_NET2010_ASSIGNMENTS\PROGRAMS\3DGP_03_201502_CROWD\DEBUG\READ_DATA.OBJ
D:\USERS\WINGO\TEACHING\3D_PROGRAMMING\SOURCE_CODE\3DGAME_OGRE_VC_9_V1-7-1_NET2010_ASSIGNMENTS\PROGRAMS\3DGP_03_201502_CROWD\DEBUG\TUTORIALAPPLICATION.OBJ
D:\users\wingo\teaching\3D_Programming\source_code\3DGame_Ogre_vc_9_v1-7-1_NET2010_Assignments\programs\3DGP_03_201502_Crowd\Debug\vc100.idb
D:\USERS\WINGO\TEACHING\3D_PROGRAMMING\SOURCE_CODE\3DGAME_OGRE_VC_9_V1-7-1_NET2010_ASSIGNMENTS\PROGRAMS\3DGP_03_201502_CROWD\DEBUG\VC100.PDB
D:\USERS\WINGO\TEACHING\3D_PROGRAMMING\SOURCE_CODE\3DGAME_OGRE_VC_9_V1-7-1_NET2010_ASSIGNMENTS\PROGRAMS\3DGP_03_201502_CROWD\DEBUG\WEAPON_MANAGER.OBJ
D:\USERS\WINGO\TEACHING\3D_PROGRAMMING\SOURCE_CODE\3DGAME_OGRE_VC_9_V1-7-1_NET2010_ASSIGNMENTS\PROGRAMS\3DGP_03_201502_CROWD\DEBUG\WEAPONS.OBJ
