D:\USERS\WINGO\TEACHING\3D_PROGRAMMING\SOURCE_CODE\3DGAME_OGRE_VC_9_V1-7-1_NET2010_ASSIGNMENTS\PROGRAMS\3DGP_03_201502_CROWD\BIN\RELEASE\DEMO_HELLO.EXE
D:\USERS\WINGO\TEACHING\3D_PROGRAMMING\SOURCE_CODE\3DGAME_OGRE_VC_9_V1-7-1_NET2010_ASSIGNMENTS\PROGRAMS\3DGP_03_201502_CROWD\BIN\RELEASE\DEMO_HELLO.PDB
D:\USERS\WINGO\TEACHING\3D_PROGRAMMING\SOURCE_CODE\3DGAME_OGRE_VC_9_V1-7-1_NET2010_ASSIGNMENTS\PROGRAMS\3DGP_03_201502_CROWD\RELEASE\ATTACK_DEFENSE_SYSTEM.OBJ
D:\USERS\WINGO\TEACHING\3D_PROGRAMMING\SOURCE_CODE\3DGAME_OGRE_VC_9_V1-7-1_NET2010_ASSIGNMENTS\PROGRAMS\3DGP_03_201502_CROWD\RELEASE\BASEAPPLICATION.OBJ
D:\USERS\WINGO\TEACHING\3D_PROGRAMMING\SOURCE_CODE\3DGAME_OGRE_VC_9_V1-7-1_NET2010_ASSIGNMENTS\PROGRAMS\3DGP_03_201502_CROWD\RELEASE\BASICTOOLS.OBJ
D:\USERS\WINGO\TEACHING\3D_PROGRAMMING\SOURCE_CODE\3DGAME_OGRE_VC_9_V1-7-1_NET2010_ASSIGNMENTS\PROGRAMS\3DGP_03_201502_CROWD\RELEASE\COLLISION_DETECTION.OBJ
D:\USERS\WINGO\TEACHING\3D_PROGRAMMING\SOURCE_CODE\3DGAME_OGRE_VC_9_V1-7-1_NET2010_ASSIGNMENTS\PROGRAMS\3DGP_03_201502_CROWD\RELEASE\DEMO_HELLO.EXE.INTERMEDIATE.MANIFEST
D:\USERS\WINGO\TEACHING\3D_PROGRAMMING\SOURCE_CODE\3DGAME_OGRE_VC_9_V1-7-1_NET2010_ASSIGNMENTS\PROGRAMS\3DGP_03_201502_CROWD\RELEASE\GAME_OBJ.OBJ
D:\USERS\WINGO\TEACHING\3D_PROGRAMMING\SOURCE_CODE\3DGAME_OGRE_VC_9_V1-7-1_NET2010_ASSIGNMENTS\PROGRAMS\3DGP_03_201502_CROWD\RELEASE\MAIN_CHAR.OBJ
D:\USERS\WINGO\TEACHING\3D_PROGRAMMING\SOURCE_CODE\3DGAME_OGRE_VC_9_V1-7-1_NET2010_ASSIGNMENTS\PROGRAMS\3DGP_03_201502_CROWD\RELEASE\MONSTER_MANAGER.OBJ
D:\USERS\WINGO\TEACHING\3D_PROGRAMMING\SOURCE_CODE\3DGAME_OGRE_VC_9_V1-7-1_NET2010_ASSIGNMENTS\PROGRAMS\3DGP_03_201502_CROWD\RELEASE\MONSTERS.OBJ
D:\USERS\WINGO\TEACHING\3D_PROGRAMMING\SOURCE_CODE\3DGAME_OGRE_VC_9_V1-7-1_NET2010_ASSIGNMENTS\PROGRAMS\3DGP_03_201502_CROWD\RELEASE\PARTICLE_MANAGER.OBJ
D:\USERS\WINGO\TEACHING\3D_PROGRAMMING\SOURCE_CODE\3DGAME_OGRE_VC_9_V1-7-1_NET2010_ASSIGNMENTS\PROGRAMS\3DGP_03_201502_CROWD\RELEASE\READ_DATA.OBJ
D:\USERS\WINGO\TEACHING\3D_PROGRAMMING\SOURCE_CODE\3DGAME_OGRE_VC_9_V1-7-1_NET2010_ASSIGNMENTS\PROGRAMS\3DGP_03_201502_CROWD\RELEASE\TUTORIALAPPLICATION.OBJ
D:\USERS\WINGO\TEACHING\3D_PROGRAMMING\SOURCE_CODE\3DGAME_OGRE_VC_9_V1-7-1_NET2010_ASSIGNMENTS\PROGRAMS\3DGP_03_201502_CROWD\RELEASE\VC100.PDB
D:\USERS\WINGO\TEACHING\3D_PROGRAMMING\SOURCE_CODE\3DGAME_OGRE_VC_9_V1-7-1_NET2010_ASSIGNMENTS\PROGRAMS\3DGP_03_201502_CROWD\RELEASE\WEAPON_MANAGER.OBJ
D:\USERS\WINGO\TEACHING\3D_PROGRAMMING\SOURCE_CODE\3DGAME_OGRE_VC_9_V1-7-1_NET2010_ASSIGNMENTS\PROGRAMS\3DGP_03_201502_CROWD\RELEASE\WEAPONS.OBJ
D:\USERS\WINGO\TEACHING\3D_PROGRAMMING\SOURCE_CODE\3DGAME_OGRE_VC_9_V1-7-1_NET2010_ASSIGNMENTS\PROGRAMS\3DGP_201609_03_CROWD\BIN\RELEASE\DEMO_HELLO.EXE
D:\USERS\WINGO\TEACHING\3D_PROGRAMMING\SOURCE_CODE\3DGAME_OGRE_VC_9_V1-7-1_NET2010_ASSIGNMENTS\PROGRAMS\3DGP_201609_03_CROWD\BIN\RELEASE\DEMO_HELLO.PDB
D:\USERS\WINGO\TEACHING\3D_PROGRAMMING\SOURCE_CODE\3DGAME_OGRE_VC_9_V1-7-1_NET2010_ASSIGNMENTS\PROGRAMS\3DGP_201609_03_CROWD\RELEASE\ALDLIST.OBJ
D:\USERS\WINGO\TEACHING\3D_PROGRAMMING\SOURCE_CODE\3DGAME_OGRE_VC_9_V1-7-1_NET2010_ASSIGNMENTS\PROGRAMS\3DGP_201609_03_CROWD\RELEASE\ATTACK_DEFENSE_SYSTEM.OBJ
D:\USERS\WINGO\TEACHING\3D_PROGRAMMING\SOURCE_CODE\3DGAME_OGRE_VC_9_V1-7-1_NET2010_ASSIGNMENTS\PROGRAMS\3DGP_201609_03_CROWD\RELEASE\BASEAPPLICATION.OBJ
D:\USERS\WINGO\TEACHING\3D_PROGRAMMING\SOURCE_CODE\3DGAME_OGRE_VC_9_V1-7-1_NET2010_ASSIGNMENTS\PROGRAMS\3DGP_201609_03_CROWD\RELEASE\BASICTOOLS.OBJ
D:\USERS\WINGO\TEACHING\3D_PROGRAMMING\SOURCE_CODE\3DGAME_OGRE_VC_9_V1-7-1_NET2010_ASSIGNMENTS\PROGRAMS\3DGP_201609_03_CROWD\RELEASE\COLLISION_DETECTION.OBJ
D:\USERS\WINGO\TEACHING\3D_PROGRAMMING\SOURCE_CODE\3DGAME_OGRE_VC_9_V1-7-1_NET2010_ASSIGNMENTS\PROGRAMS\3DGP_201609_03_CROWD\RELEASE\CWAVES.OBJ
D:\USERS\WINGO\TEACHING\3D_PROGRAMMING\SOURCE_CODE\3DGAME_OGRE_VC_9_V1-7-1_NET2010_ASSIGNMENTS\PROGRAMS\3DGP_201609_03_CROWD\RELEASE\DEMO_HELLO.EXE.INTERMEDIATE.MANIFEST
D:\USERS\WINGO\TEACHING\3D_PROGRAMMING\SOURCE_CODE\3DGAME_OGRE_VC_9_V1-7-1_NET2010_ASSIGNMENTS\PROGRAMS\3DGP_201609_03_CROWD\RELEASE\FRAMEWORK.OBJ
D:\USERS\WINGO\TEACHING\3D_PROGRAMMING\SOURCE_CODE\3DGAME_OGRE_VC_9_V1-7-1_NET2010_ASSIGNMENTS\PROGRAMS\3DGP_201609_03_CROWD\RELEASE\GAME_OBJ.OBJ
D:\USERS\WINGO\TEACHING\3D_PROGRAMMING\SOURCE_CODE\3DGAME_OGRE_VC_9_V1-7-1_NET2010_ASSIGNMENTS\PROGRAMS\3DGP_201609_03_CROWD\RELEASE\LOADOAL.OBJ
D:\USERS\WINGO\TEACHING\3D_PROGRAMMING\SOURCE_CODE\3DGAME_OGRE_VC_9_V1-7-1_NET2010_ASSIGNMENTS\PROGRAMS\3DGP_201609_03_CROWD\RELEASE\MAIN_CHAR.OBJ
D:\USERS\WINGO\TEACHING\3D_PROGRAMMING\SOURCE_CODE\3DGAME_OGRE_VC_9_V1-7-1_NET2010_ASSIGNMENTS\PROGRAMS\3DGP_201609_03_CROWD\RELEASE\MONSTER_MANAGER.OBJ
D:\USERS\WINGO\TEACHING\3D_PROGRAMMING\SOURCE_CODE\3DGAME_OGRE_VC_9_V1-7-1_NET2010_ASSIGNMENTS\PROGRAMS\3DGP_201609_03_CROWD\RELEASE\MONSTERS.OBJ
D:\USERS\WINGO\TEACHING\3D_PROGRAMMING\SOURCE_CODE\3DGAME_OGRE_VC_9_V1-7-1_NET2010_ASSIGNMENTS\PROGRAMS\3DGP_201609_03_CROWD\RELEASE\PARTICLE_MANAGER.OBJ
D:\USERS\WINGO\TEACHING\3D_PROGRAMMING\SOURCE_CODE\3DGAME_OGRE_VC_9_V1-7-1_NET2010_ASSIGNMENTS\PROGRAMS\3DGP_201609_03_CROWD\RELEASE\READ_DATA.OBJ
D:\USERS\WINGO\TEACHING\3D_PROGRAMMING\SOURCE_CODE\3DGAME_OGRE_VC_9_V1-7-1_NET2010_ASSIGNMENTS\PROGRAMS\3DGP_201609_03_CROWD\RELEASE\SOUND.OBJ
D:\USERS\WINGO\TEACHING\3D_PROGRAMMING\SOURCE_CODE\3DGAME_OGRE_VC_9_V1-7-1_NET2010_ASSIGNMENTS\PROGRAMS\3DGP_201609_03_CROWD\RELEASE\TUTORIALAPPLICATION.OBJ
D:\USERS\WINGO\TEACHING\3D_PROGRAMMING\SOURCE_CODE\3DGAME_OGRE_VC_9_V1-7-1_NET2010_ASSIGNMENTS\PROGRAMS\3DGP_201609_03_CROWD\RELEASE\VC100.PDB
D:\USERS\WINGO\TEACHING\3D_PROGRAMMING\SOURCE_CODE\3DGAME_OGRE_VC_9_V1-7-1_NET2010_ASSIGNMENTS\PROGRAMS\3DGP_201609_03_CROWD\RELEASE\WEAPON_MANAGER.OBJ
D:\USERS\WINGO\TEACHING\3D_PROGRAMMING\SOURCE_CODE\3DGAME_OGRE_VC_9_V1-7-1_NET2010_ASSIGNMENTS\PROGRAMS\3DGP_201609_03_CROWD\RELEASE\WEAPONS.OBJ
D:\users\wingo\teaching\3D_Programming\source_code_assignments_and_exercises\3DGame_Ogre_vc_9_v1-7-1_NET2010_Assignments\programs\3DGP_201709_03_Crowd\Release\cl.command.1.tlog
D:\users\wingo\teaching\3D_Programming\source_code_assignments_and_exercises\3DGame_Ogre_vc_9_v1-7-1_NET2010_Assignments\programs\3DGP_201709_03_Crowd\Release\CL.read.1.tlog
D:\users\wingo\teaching\3D_Programming\source_code_assignments_and_exercises\3DGame_Ogre_vc_9_v1-7-1_NET2010_Assignments\programs\3DGP_201709_03_Crowd\Release\CL.write.1.tlog
D:\users\wingo\teaching\3D_Programming\source_code_assignments_and_exercises\3DGame_Ogre_vc_9_v1-7-1_NET2010_Assignments\programs\3DGP_201709_03_Crowd\Release\demo_hello.vcxprojResolveAssemblyReference.cache
D:\users\wingo\teaching\3D_Programming\source_code_assignments_and_exercises\3DGame_Ogre_vc_9_v1-7-1_NET2010_Assignments\programs\3DGP_201709_03_Crowd\Release\demo_hello.write.1.tlog
D:\users\wingo\teaching\3D_Programming\source_code_assignments_and_exercises\3DGame_Ogre_vc_9_v1-7-1_NET2010_Assignments\programs\3DGP_201709_03_Crowd\Release\link.command.1.tlog
D:\users\wingo\teaching\3D_Programming\source_code_assignments_and_exercises\3DGame_Ogre_vc_9_v1-7-1_NET2010_Assignments\programs\3DGP_201709_03_Crowd\Release\link.read.1.tlog
D:\users\wingo\teaching\3D_Programming\source_code_assignments_and_exercises\3DGame_Ogre_vc_9_v1-7-1_NET2010_Assignments\programs\3DGP_201709_03_Crowd\Release\link.write.1.tlog
D:\users\wingo\teaching\3D_Programming\source_code_assignments_and_exercises\3DGame_Ogre_vc_9_v1-7-1_NET2010_Assignments\programs\3DGP_201709_03_Crowd\Release\mt.command.1.tlog
D:\users\wingo\teaching\3D_Programming\source_code_assignments_and_exercises\3DGame_Ogre_vc_9_v1-7-1_NET2010_Assignments\programs\3DGP_201709_03_Crowd\Release\mt.read.1.tlog
D:\users\wingo\teaching\3D_Programming\source_code_assignments_and_exercises\3DGame_Ogre_vc_9_v1-7-1_NET2010_Assignments\programs\3DGP_201709_03_Crowd\Release\mt.write.1.tlog
